the dir entry = my_list.zig
the dir entry = list.zig
the dir entry = linked_list.zig
the dir entry = array.zig
the dir entry = space_complexity.zig
the dir entry = iteration.zig
the dir entry = worst_best_time_complexity.zig
the dir entry = recursion.zig
the dir entry = time_complexity.zig
the dir entry = coin_change.zig
the dir entry = min_path_sum.zig
the dir entry = coin_change_ii.zig
the dir entry = min_cost_climbing_stairs_dp.zig
the dir entry = climbing_stairs_constraint_dp.zig
the dir entry = climbing_stairs_backtrack.zig
the dir entry = edit_distance.zig
the dir entry = climbing_stairs_dfs_mem.zig
the dir entry = climbing_stairs_dfs.zig
the dir entry = unbounded_knapsack.zig
the dir entry = knapsack.zig
the dir entry = climbing_stairs_dp.zig
the dir entry = array_hash_map.zig
the dir entry = hash_map.zig
the dir entry = my_heap.zig
the dir entry = heap.zig
the dir entry = binary_search.zig
the dir entry = linear_search.zig
the dir entry = hashing_search.zig
the dir entry = two_sum.zig
the dir entry = merge_sort.zig
the dir entry = bubble_sort.zig
the dir entry = insertion_sort.zig
the dir entry = radix_sort.zig
the dir entry = quick_sort.zig
the dir entry = array_stack.zig
the dir entry = queue.zig
the dir entry = linkedlist_queue.zig
the dir entry = deque.zig
the dir entry = stack.zig
the dir entry = array_queue.zig
the dir entry = linkedlist_deque.zig
the dir entry = linkedlist_stack.zig
the dir entry = avl_tree.zig
the dir entry = binary_tree_bfs.zig
the dir entry = binary_tree_dfs.zig
the dir entry = binary_search_tree.zig
the dir entry = binary_tree.zig
install
+- install space_complexity
   +- zig build-exe space_complexity Debug native 8 errors
chapter_computational_complexity/space_complexity.zig:24:13: error: local variable is never mutated
        var c: i32 = 0;
            ^
chapter_computational_complexity/space_complexity.zig:24:13: note: consider using 'const'
chapter_computational_complexity/space_complexity.zig:20:9: error: local variable is never mutated
    var node = inc.ListNode(i32){.val = 0};
        ^~~~
chapter_computational_complexity/space_complexity.zig:20:9: note: consider using 'const'
chapter_computational_complexity/space_complexity.zig:19:9: error: local variable is never mutated
    var nums = [_]i32{0}**10000;
        ^~~~
chapter_computational_complexity/space_complexity.zig:19:9: note: consider using 'const'
chapter_computational_complexity/space_complexity.zig:18:9: error: local variable is never mutated
    var b: i32 = 0;
        ^
chapter_computational_complexity/space_complexity.zig:18:9: note: consider using 'const'
chapter_computational_complexity/space_complexity.zig:41:9: error: local variable is never mutated
    var nums = [_]i32{0}**n;
        ^~~~
chapter_computational_complexity/space_complexity.zig:41:9: note: consider using 'const'
chapter_computational_complexity/space_complexity.zig:88:9: error: local variable is never mutated
    var nums = [_]i32{0}**n;
        ^~~~
chapter_computational_complexity/space_complexity.zig:88:9: note: consider using 'const'
chapter_computational_complexity/space_complexity.zig:117:9: error: local variable is never mutated
    var root = blk_root: {
        ^~~~
chapter_computational_complexity/space_complexity.zig:117:9: note: consider using 'const'
chapter_computational_complexity/space_complexity.zig:6:21: error: no module named 'include' available within module root
const inc = @import("include");
                    ^~~~~~~~~
referenced by:
    constant: chapter_computational_complexity/space_complexity.zig:20:16
    main: chapter_computational_complexity/space_complexity.zig:107:13
    4 reference(s) hidden; use '-freference-trace=6' to see all references
error: the following command failed with 8 compilation errors:
/Users/sunyanfei/.zig/zig-macos-aarch64-0.14.1/zig build-exe -ODebug -Mroot=/Users/sunyanfei/root/codes/company/cross/AlgorithmSpace/hello-algo/codes/zig/chapter_computational_complexity/space_complexity.zig --cache-dir /Users/sunyanfei/root/codes/company/cross/AlgorithmSpace/hello-algo/codes/zig/.zig-cache --global-cache-dir /Users/sunyanfei/.cache/zig --name space_complexity --zig-lib-dir /Users/sunyanfei/.zig/zig-macos-aarch64-0.14.1/lib/ --listen=- 
install
+- install iteration
   +- zig build-exe iteration Debug native 1 errors
chapter_computational_complexity/iteration.zig:53:17: error: local variable is never mutated
            var _str = try std.fmt.bufPrint(&buffer, "({d}, {d}), ", .{i, j});
                ^~~~
chapter_computational_complexity/iteration.zig:53:17: note: consider using 'const'
error: the following command failed with 1 compilation errors:
/Users/sunyanfei/.zig/zig-macos-aarch64-0.14.1/zig build-exe -ODebug -Mroot=/Users/sunyanfei/root/codes/company/cross/AlgorithmSpace/hello-algo/codes/zig/chapter_computational_complexity/iteration.zig --cache-dir /Users/sunyanfei/root/codes/company/cross/AlgorithmSpace/hello-algo/codes/zig/.zig-cache --global-cache-dir /Users/sunyanfei/.cache/zig --name iteration --zig-lib-dir /Users/sunyanfei/.zig/zig-macos-aarch64-0.14.1/lib/ --listen=- 
install
+- install unbounded_knapsack
   +- zig build-exe unbounded_knapsack Debug native 4 errors
chapter_dynamic_programming/unbounded_knapsack.zig:9:18: error: local variable is never mutated
    comptime var n = wgt.len;
                 ^
chapter_dynamic_programming/unbounded_knapsack.zig:9:18: note: consider using 'const'
chapter_dynamic_programming/unbounded_knapsack.zig:29:18: error: local variable is never mutated
    comptime var n = wgt.len;
                 ^
chapter_dynamic_programming/unbounded_knapsack.zig:29:18: note: consider using 'const'
chapter_dynamic_programming/unbounded_knapsack.zig:51:18: error: local variable is never mutated
    comptime var cap = 4;
                 ^~~
chapter_dynamic_programming/unbounded_knapsack.zig:51:18: note: consider using 'const'
chapter_dynamic_programming/unbounded_knapsack.zig:54:35: error: runtime value contains reference to comptime var
    var res = unboundedKnapsackDP(&wgt, &val, cap);
                                  ^~~~
chapter_dynamic_programming/unbounded_knapsack.zig:54:35: note: comptime var pointers are not available at runtime
chapter_dynamic_programming/unbounded_knapsack.zig:49:30: note: 'runtime_value.ptr' points to comptime var declared here
    comptime var wgt = [_]i32{ 1, 2, 3 };
                       ~~~~~~^~~~~~~~~~~
referenced by:
    main: /Users/sunyanfei/.zig/zig-macos-aarch64-0.14.1/lib/std/start.zig:660:37
    comptime: /Users/sunyanfei/.zig/zig-macos-aarch64-0.14.1/lib/std/start.zig:58:30
    2 reference(s) hidden; use '-freference-trace=4' to see all references
error: the following command failed with 4 compilation errors:
/Users/sunyanfei/.zig/zig-macos-aarch64-0.14.1/zig build-exe -ODebug -Mroot=/Users/sunyanfei/root/codes/company/cross/AlgorithmSpace/hello-algo/codes/zig/chapter_dynamic_programming/unbounded_knapsack.zig --cache-dir /Users/sunyanfei/root/codes/company/cross/AlgorithmSpace/hello-algo/codes/zig/.zig-cache --global-cache-dir /Users/sunyanfei/.cache/zig --name unbounded_knapsack --zig-lib-dir /Users/sunyanfei/.zig/zig-macos-aarch64-0.14.1/lib/ --listen=- 
install
+- install array_queue
   +- zig build-exe array_queue Debug native 8 errors
chapter_stack_and_queue/array_queue.zig:60:17: error: local variable is never mutated
            var rear = (self.front + self.queSize) % self.capacity();
                ^~~~
chapter_stack_and_queue/array_queue.zig:60:17: note: consider using 'const'
chapter_stack_and_queue/array_queue.zig:68:17: error: local variable is never mutated
            var num = self.peek();
                ^~~
chapter_stack_and_queue/array_queue.zig:68:17: note: consider using 'const'
chapter_stack_and_queue/array_queue.zig:127:9: error: local variable is never mutated
    var is_empty = queue.isEmpty();
        ^~~~~~~~
chapter_stack_and_queue/array_queue.zig:127:9: note: consider using 'const'
chapter_stack_and_queue/array_queue.zig:123:9: error: local variable is never mutated
    var size = queue.size();
        ^~~~
chapter_stack_and_queue/array_queue.zig:123:9: note: consider using 'const'
chapter_stack_and_queue/array_queue.zig:118:9: error: local variable is never mutated
    var pop = queue.pop();
        ^~~
chapter_stack_and_queue/array_queue.zig:118:9: note: consider using 'const'
chapter_stack_and_queue/array_queue.zig:114:9: error: local variable is never mutated
    var peek = queue.peek();
        ^~~~
chapter_stack_and_queue/array_queue.zig:114:9: note: consider using 'const'
chapter_stack_and_queue/array_queue.zig:99:9: error: local variable is never mutated
    var capacity: usize = 10;
        ^~~~~~~~
chapter_stack_and_queue/array_queue.zig:99:9: note: consider using 'const'
chapter_stack_and_queue/array_queue.zig:6:21: error: no module named 'include' available within module root
const inc = @import("include");
                    ^~~~~~~~~
referenced by:
    main: chapter_stack_and_queue/array_queue.zig:111:5
    main: /Users/sunyanfei/.zig/zig-macos-aarch64-0.14.1/lib/std/start.zig:660:37
    3 reference(s) hidden; use '-freference-trace=5' to see all references
error: the following command failed with 8 compilation errors:
/Users/sunyanfei/.zig/zig-macos-aarch64-0.14.1/zig build-exe -ODebug -Mroot=/Users/sunyanfei/root/codes/company/cross/AlgorithmSpace/hello-algo/codes/zig/chapter_stack_and_queue/array_queue.zig --cache-dir /Users/sunyanfei/root/codes/company/cross/AlgorithmSpace/hello-algo/codes/zig/.zig-cache --global-cache-dir /Users/sunyanfei/.cache/zig --name array_queue --zig-lib-dir /Users/sunyanfei/.zig/zig-macos-aarch64-0.14.1/lib/ --listen=- 
install
+- install climbing_stairs_dp
   +- zig build-exe climbing_stairs_dp Debug native 2 errors
chapter_dynamic_programming/climbing_stairs_dp.zig:33:13: error: local variable is never mutated
        var tmp = b;
            ^~~
chapter_dynamic_programming/climbing_stairs_dp.zig:33:13: note: consider using 'const'
chapter_dynamic_programming/climbing_stairs_dp.zig:42:18: error: local variable is never mutated
    comptime var n: usize = 9;
                 ^
chapter_dynamic_programming/climbing_stairs_dp.zig:42:18: note: consider using 'const'
error: the following command failed with 2 compilation errors:
/Users/sunyanfei/.zig/zig-macos-aarch64-0.14.1/zig build-exe -ODebug -Mroot=/Users/sunyanfei/root/codes/company/cross/AlgorithmSpace/hello-algo/codes/zig/chapter_dynamic_programming/climbing_stairs_dp.zig --cache-dir /Users/sunyanfei/root/codes/company/cross/AlgorithmSpace/hello-algo/codes/zig/.zig-cache --global-cache-dir /Users/sunyanfei/.cache/zig --name climbing_stairs_dp --zig-lib-dir /Users/sunyanfei/.zig/zig-macos-aarch64-0.14.1/lib/ --listen=- 
install
+- install coin_change
   +- zig build-exe coin_change Debug native 6 errors
chapter_dynamic_programming/coin_change.zig:10:18: error: local variable is never mutated
    comptime var max = amt + 1;
                 ^~~
chapter_dynamic_programming/coin_change.zig:10:18: note: consider using 'const'
chapter_dynamic_programming/coin_change.zig:9:18: error: local variable is never mutated
    comptime var n = coins.len;
                 ^
chapter_dynamic_programming/coin_change.zig:9:18: note: consider using 'const'
chapter_dynamic_programming/coin_change.zig:39:18: error: local variable is never mutated
    comptime var max = amt + 1;
                 ^~~
chapter_dynamic_programming/coin_change.zig:39:18: note: consider using 'const'
chapter_dynamic_programming/coin_change.zig:38:18: error: local variable is never mutated
    comptime var n = coins.len;
                 ^
chapter_dynamic_programming/coin_change.zig:38:18: note: consider using 'const'
chapter_dynamic_programming/coin_change.zig:66:18: error: local variable is never mutated
    comptime var amt: usize = 4;
                 ^~~
chapter_dynamic_programming/coin_change.zig:66:18: note: consider using 'const'
chapter_dynamic_programming/coin_change.zig:69:28: error: runtime value contains reference to comptime var
    var res = coinChangeDP(&coins, amt);
                           ^~~~~~
chapter_dynamic_programming/coin_change.zig:69:28: note: comptime var pointers are not available at runtime
chapter_dynamic_programming/coin_change.zig:65:32: note: 'runtime_value.ptr' points to comptime var declared here
    comptime var coins = [_]i32{ 1, 2, 5 };
                         ~~~~~~^~~~~~~~~~~
referenced by:
    main: /Users/sunyanfei/.zig/zig-macos-aarch64-0.14.1/lib/std/start.zig:660:37
    comptime: /Users/sunyanfei/.zig/zig-macos-aarch64-0.14.1/lib/std/start.zig:58:30
    2 reference(s) hidden; use '-freference-trace=4' to see all references
error: the following command failed with 6 compilation errors:
/Users/sunyanfei/.zig/zig-macos-aarch64-0.14.1/zig build-exe -ODebug -Mroot=/Users/sunyanfei/root/codes/company/cross/AlgorithmSpace/hello-algo/codes/zig/chapter_dynamic_programming/coin_change.zig --cache-dir /Users/sunyanfei/root/codes/company/cross/AlgorithmSpace/hello-algo/codes/zig/.zig-cache --global-cache-dir /Users/sunyanfei/.cache/zig --name coin_change --zig-lib-dir /Users/sunyanfei/.zig/zig-macos-aarch64-0.14.1/lib/ --listen=- 
install
+- install linkedlist_deque
   +- zig build-exe linkedlist_deque Debug native 7 errors
chapter_stack_and_queue/linkedlist_deque.zig:203:9: error: local variable is never mutated
    var is_empty = deque.isEmpty();
        ^~~~~~~~
chapter_stack_and_queue/linkedlist_deque.zig:203:9: note: consider using 'const'
chapter_stack_and_queue/linkedlist_deque.zig:199:9: error: local variable is never mutated
    var size = deque.size();
        ^~~~
chapter_stack_and_queue/linkedlist_deque.zig:199:9: note: consider using 'const'
chapter_stack_and_queue/linkedlist_deque.zig:194:9: error: local variable is never mutated
    var pop_first = deque.popFirst();
        ^~~~~~~~~
chapter_stack_and_queue/linkedlist_deque.zig:194:9: note: consider using 'const'
chapter_stack_and_queue/linkedlist_deque.zig:191:9: error: local variable is never mutated
    var pop_last = deque.popLast();
        ^~~~~~~~
chapter_stack_and_queue/linkedlist_deque.zig:191:9: note: consider using 'const'
chapter_stack_and_queue/linkedlist_deque.zig:179:9: error: local variable is never mutated
    var peek_last = deque.peekLast();
        ^~~~~~~~~
chapter_stack_and_queue/linkedlist_deque.zig:179:9: note: consider using 'const'
chapter_stack_and_queue/linkedlist_deque.zig:177:9: error: local variable is never mutated
    var peek_first = deque.peekFirst();
        ^~~~~~~~~~
chapter_stack_and_queue/linkedlist_deque.zig:177:9: note: consider using 'const'
chapter_stack_and_queue/linkedlist_deque.zig:6:21: error: no module named 'include' available within module root
const inc = @import("include");
                    ^~~~~~~~~
referenced by:
    main: chapter_stack_and_queue/linkedlist_deque.zig:174:5
    main: /Users/sunyanfei/.zig/zig-macos-aarch64-0.14.1/lib/std/start.zig:660:37
    3 reference(s) hidden; use '-freference-trace=5' to see all references
error: the following command failed with 7 compilation errors:
/Users/sunyanfei/.zig/zig-macos-aarch64-0.14.1/zig build-exe -ODebug -Mroot=/Users/sunyanfei/root/codes/company/cross/AlgorithmSpace/hello-algo/codes/zig/chapter_stack_and_queue/linkedlist_deque.zig --cache-dir /Users/sunyanfei/root/codes/company/cross/AlgorithmSpace/hello-algo/codes/zig/.zig-cache --global-cache-dir /Users/sunyanfei/.cache/zig --name linkedlist_deque --zig-lib-dir /Users/sunyanfei/.zig/zig-macos-aarch64-0.14.1/lib/ --listen=- 
install
+- install array_stack
   +- zig build-exe array_stack Debug native 6 errors
chapter_stack_and_queue/array_stack.zig:51:17: error: local variable is never mutated
            var num = self.stack.?.pop();
                ^~~
chapter_stack_and_queue/array_stack.zig:51:17: note: consider using 'const'
chapter_stack_and_queue/array_stack.zig:93:9: error: local variable is never mutated
    var is_empty = stack.isEmpty();
        ^~~~~~~~
chapter_stack_and_queue/array_stack.zig:93:9: note: consider using 'const'
chapter_stack_and_queue/array_stack.zig:89:9: error: local variable is never mutated
    var size = stack.size();
        ^~~~
chapter_stack_and_queue/array_stack.zig:89:9: note: consider using 'const'
chapter_stack_and_queue/array_stack.zig:84:9: error: local variable is never mutated
    var top = stack.pop();
        ^~~
chapter_stack_and_queue/array_stack.zig:84:9: note: consider using 'const'
chapter_stack_and_queue/array_stack.zig:80:9: error: local variable is never mutated
    var peek = stack.peek();
        ^~~~
chapter_stack_and_queue/array_stack.zig:80:9: note: consider using 'const'
chapter_stack_and_queue/array_stack.zig:6:21: error: no module named 'include' available within module root
const inc = @import("include");
                    ^~~~~~~~~
referenced by:
    main: chapter_stack_and_queue/array_stack.zig:77:5
    main: /Users/sunyanfei/.zig/zig-macos-aarch64-0.14.1/lib/std/start.zig:660:37
    3 reference(s) hidden; use '-freference-trace=5' to see all references
error: the following command failed with 6 compilation errors:
/Users/sunyanfei/.zig/zig-macos-aarch64-0.14.1/zig build-exe -ODebug -Mroot=/Users/sunyanfei/root/codes/company/cross/AlgorithmSpace/hello-algo/codes/zig/chapter_stack_and_queue/array_stack.zig --cache-dir /Users/sunyanfei/root/codes/company/cross/AlgorithmSpace/hello-algo/codes/zig/.zig-cache --global-cache-dir /Users/sunyanfei/.cache/zig --name array_stack --zig-lib-dir /Users/sunyanfei/.zig/zig-macos-aarch64-0.14.1/lib/ --listen=- 
install
+- install recursion
   +- zig build-exe recursion Debug native 2 errors
chapter_computational_complexity/recursion.zig:14:9: error: local variable is never mutated
    var res: i32 = recur(n - 1);
        ^~~
chapter_computational_complexity/recursion.zig:14:9: note: consider using 'const'
chapter_computational_complexity/recursion.zig:57:9: error: local variable is never mutated
    var res: i32 = fib(n - 1) + fib(n - 2);
        ^~~
chapter_computational_complexity/recursion.zig:57:9: note: consider using 'const'
error: the following command failed with 2 compilation errors:
/Users/sunyanfei/.zig/zig-macos-aarch64-0.14.1/zig build-exe -ODebug -Mroot=/Users/sunyanfei/root/codes/company/cross/AlgorithmSpace/hello-algo/codes/zig/chapter_computational_complexity/recursion.zig --cache-dir /Users/sunyanfei/root/codes/company/cross/AlgorithmSpace/hello-algo/codes/zig/.zig-cache --global-cache-dir /Users/sunyanfei/.cache/zig --name recursion --zig-lib-dir /Users/sunyanfei/.zig/zig-macos-aarch64-0.14.1/lib/ --listen=- 
install
+- install binary_tree
   +- zig build-exe binary_tree Debug native 1 errors
chapter_tree/binary_tree.zig:6:21: error: no module named 'include' available within module root
const inc = @import("include");
                    ^~~~~~~~~
referenced by:
    main: chapter_tree/binary_tree.zig:12:14
    main: /Users/sunyanfei/.zig/zig-macos-aarch64-0.14.1/lib/std/start.zig:660:37
    3 reference(s) hidden; use '-freference-trace=5' to see all references
error: the following command failed with 1 compilation errors:
/Users/sunyanfei/.zig/zig-macos-aarch64-0.14.1/zig build-exe -ODebug -Mroot=/Users/sunyanfei/root/codes/company/cross/AlgorithmSpace/hello-algo/codes/zig/chapter_tree/binary_tree.zig --cache-dir /Users/sunyanfei/root/codes/company/cross/AlgorithmSpace/hello-algo/codes/zig/.zig-cache --global-cache-dir /Users/sunyanfei/.cache/zig --name binary_tree --zig-lib-dir /Users/sunyanfei/.zig/zig-macos-aarch64-0.14.1/lib/ --listen=- 
install
+- install array
   +- zig build-exe array Debug native 1 errors
/Users/sunyanfei/.zig/zig-macos-aarch64-0.14.1/lib/std/start.zig:647:46: error: root source file struct 'array' has no member named 'main'
    const ReturnType = @typeInfo(@TypeOf(root.main)).@"fn".return_type.?;
                                         ~~~~^~~~~
chapter_array_and_linkedlist/array.zig:5:1: note: struct declared here
const std = @import("std");
^~~~~
/Users/sunyanfei/.zig/zig-macos-aarch64-0.14.1/lib/std/start.zig:620:20: note: called from here
    return callMain();
           ~~~~~~~~^~
/Users/sunyanfei/.zig/zig-macos-aarch64-0.14.1/lib/std/start.zig:575:36: note: called from here
    std.posix.exit(callMainWithArgs(argc, argv, envp));
                   ~~~~~~~~~~~~~~~~^~~~~~~~~~~~~~~~~~
referenced by:
    _start: /Users/sunyanfei/.zig/zig-macos-aarch64-0.14.1/lib/std/start.zig:468:40
    comptime: /Users/sunyanfei/.zig/zig-macos-aarch64-0.14.1/lib/std/start.zig:91:63
    2 reference(s) hidden; use '-freference-trace=4' to see all references
error: the following command failed with 1 compilation errors:
/Users/sunyanfei/.zig/zig-macos-aarch64-0.14.1/zig build-exe -ODebug -Mroot=/Users/sunyanfei/root/codes/company/cross/AlgorithmSpace/hello-algo/codes/zig/chapter_array_and_linkedlist/array.zig --cache-dir /Users/sunyanfei/root/codes/company/cross/AlgorithmSpace/hello-algo/codes/zig/.zig-cache --global-cache-dir /Users/sunyanfei/.cache/zig --name array --zig-lib-dir /Users/sunyanfei/.zig/zig-macos-aarch64-0.14.1/lib/ --listen=- 
install
+- install queue
   +- zig build-exe queue Debug native 5 errors
chapter_stack_and_queue/queue.zig:42:9: error: local variable is never mutated
    var is_empty = if (queue.len == 0) true else false;
        ^~~~~~~~
chapter_stack_and_queue/queue.zig:42:9: note: consider using 'const'
chapter_stack_and_queue/queue.zig:38:9: error: local variable is never mutated
    var size = queue.len;
        ^~~~
chapter_stack_and_queue/queue.zig:38:9: note: consider using 'const'
chapter_stack_and_queue/queue.zig:33:9: error: local variable is never mutated
    var pop = queue.popFirst().?.data;
        ^~~
chapter_stack_and_queue/queue.zig:33:9: note: consider using 'const'
chapter_stack_and_queue/queue.zig:29:9: error: local variable is never mutated
    var peek = queue.first.?.data;
        ^~~~
chapter_stack_and_queue/queue.zig:29:9: note: consider using 'const'
chapter_stack_and_queue/queue.zig:11:18: error: root source file struct 'std' has no member named 'TailQueue'
    const L = std.TailQueue(i32);
              ~~~^~~~~~~~~~
/Users/sunyanfei/.zig/zig-macos-aarch64-0.14.1/lib/std/std.zig:1:1: note: struct declared here
pub const ArrayHashMap = array_hash_map.ArrayHashMap;
^~~
referenced by:
    main: /Users/sunyanfei/.zig/zig-macos-aarch64-0.14.1/lib/std/start.zig:660:37
    comptime: /Users/sunyanfei/.zig/zig-macos-aarch64-0.14.1/lib/std/start.zig:58:30
    2 reference(s) hidden; use '-freference-trace=4' to see all references
error: the following command failed with 5 compilation errors:
/Users/sunyanfei/.zig/zig-macos-aarch64-0.14.1/zig build-exe -ODebug -Mroot=/Users/sunyanfei/root/codes/company/cross/AlgorithmSpace/hello-algo/codes/zig/chapter_stack_and_queue/queue.zig --cache-dir /Users/sunyanfei/root/codes/company/cross/AlgorithmSpace/hello-algo/codes/zig/.zig-cache --global-cache-dir /Users/sunyanfei/.cache/zig --name queue --zig-lib-dir /Users/sunyanfei/.zig/zig-macos-aarch64-0.14.1/lib/ --listen=- 
install
+- install array_hash_map
   +- zig build-exe array_hash_map Debug native 7 errors
chapter_hashing/array_hash_map.zig:47:17: error: local variable is never mutated
            var index = key % 100;
                ^~~~~
chapter_hashing/array_hash_map.zig:47:17: note: consider using 'const'
chapter_hashing/array_hash_map.zig:54:17: error: local variable is never mutated
            var pair = self.bucket.?.items[index];
                ^~~~
chapter_hashing/array_hash_map.zig:54:17: note: consider using 'const'
chapter_hashing/array_hash_map.zig:53:17: error: local variable is never mutated
            var index = hashFunc(key);
                ^~~~~
chapter_hashing/array_hash_map.zig:53:17: note: consider using 'const'
chapter_hashing/array_hash_map.zig:61:17: error: local variable is never mutated
            var index = hashFunc(key);
                ^~~~~
chapter_hashing/array_hash_map.zig:61:17: note: consider using 'const'
chapter_hashing/array_hash_map.zig:60:17: error: local variable is never mutated
            var pair = Pair.init(key, val);
                ^~~~
chapter_hashing/array_hash_map.zig:60:17: note: consider using 'const'
chapter_hashing/array_hash_map.zig:67:17: error: local variable is never mutated
            var index = hashFunc(key);
                ^~~~~
chapter_hashing/array_hash_map.zig:67:17: note: consider using 'const'
chapter_hashing/array_hash_map.zig:132:9: error: local variable is never mutated
    var name = map.get(15937);
        ^~~~
chapter_hashing/array_hash_map.zig:132:9: note: consider using 'const'
error: the following command failed with 7 compilation errors:
/Users/sunyanfei/.zig/zig-macos-aarch64-0.14.1/zig build-exe -ODebug -Mroot=/Users/sunyanfei/root/codes/company/cross/AlgorithmSpace/hello-algo/codes/zig/chapter_hashing/array_hash_map.zig --cache-dir /Users/sunyanfei/root/codes/company/cross/AlgorithmSpace/hello-algo/codes/zig/.zig-cache --global-cache-dir /Users/sunyanfei/.cache/zig --name array_hash_map --zig-lib-dir /Users/sunyanfei/.zig/zig-macos-aarch64-0.14.1/lib/ --listen=- 
install
+- install merge_sort
   +- zig build-exe merge_sort Debug native 7 errors
chapter_sorting/merge_sort.zig:23:9: error: local variable is never mutated
    var rightEnd = right - left;
        ^~~~~~~~
chapter_sorting/merge_sort.zig:23:9: note: consider using 'const'
chapter_sorting/merge_sort.zig:22:9: error: local variable is never mutated
    var rightStart = mid + 1 - left;
        ^~~~~~~~~~
chapter_sorting/merge_sort.zig:22:9: note: consider using 'const'
chapter_sorting/merge_sort.zig:20:9: error: local variable is never mutated
    var leftEnd = mid - left;
        ^~~~~~~
chapter_sorting/merge_sort.zig:20:9: note: consider using 'const'
chapter_sorting/merge_sort.zig:19:9: error: local variable is never mutated
    var leftStart = left - left;
        ^~~~~~~~~
chapter_sorting/merge_sort.zig:19:9: note: consider using 'const'
chapter_sorting/merge_sort.zig:16:9: error: local variable is never mutated
    var tmp = try mem_allocator.alloc(i32, right + 1 - left);
        ^~~
chapter_sorting/merge_sort.zig:16:9: note: consider using 'const'
chapter_sorting/merge_sort.zig:51:9: error: local variable is never mutated
    var mid = left + (right - left) / 2;    // 计算中点
        ^~~
chapter_sorting/merge_sort.zig:51:9: note: consider using 'const'
chapter_sorting/merge_sort.zig:17:12: error: root source file struct 'mem' has no member named 'copy'
    std.mem.copy(i32, tmp, nums[left..right+1]);
    ~~~~~~~^~~~~
/Users/sunyanfei/.zig/zig-macos-aarch64-0.14.1/lib/std/mem.zig:1:1: note: struct declared here
const std = @import("std.zig");
^~~~~
referenced by:
    mergeSort: chapter_sorting/merge_sort.zig:55:14
    main: chapter_sorting/merge_sort.zig:62:18
    4 reference(s) hidden; use '-freference-trace=6' to see all references
error: the following command failed with 7 compilation errors:
/Users/sunyanfei/.zig/zig-macos-aarch64-0.14.1/zig build-exe -ODebug -Mroot=/Users/sunyanfei/root/codes/company/cross/AlgorithmSpace/hello-algo/codes/zig/chapter_sorting/merge_sort.zig --cache-dir /Users/sunyanfei/root/codes/company/cross/AlgorithmSpace/hello-algo/codes/zig/.zig-cache --global-cache-dir /Users/sunyanfei/.cache/zig --name merge_sort --zig-lib-dir /Users/sunyanfei/.zig/zig-macos-aarch64-0.14.1/lib/ --listen=- 
install
+- install linear_search
   +- zig build-exe linear_search Debug native 5 errors
chapter_searching/linear_search.zig:49:9: error: local variable is never mutated
    var node = linearSearchLinkedList(i32, head, target);
        ^~~~
chapter_searching/linear_search.zig:49:9: note: consider using 'const'
chapter_searching/linear_search.zig:48:9: error: local variable is never mutated
    var head = try inc.ListUtil.listToLinkedList(i32, mem_allocator, nums);
        ^~~~
chapter_searching/linear_search.zig:48:9: note: consider using 'const'
chapter_searching/linear_search.zig:41:9: error: local variable is never mutated
    var index = linearSearchArray(i32, nums, target);
        ^~~~~
chapter_searching/linear_search.zig:41:9: note: consider using 'const'
chapter_searching/linear_search.zig:35:9: error: local variable is never mutated
    var target: i32 = 3;
        ^~~~~~
chapter_searching/linear_search.zig:35:9: note: consider using 'const'
chapter_searching/linear_search.zig:6:21: error: no module named 'include' available within module root
const inc = @import("include");
                    ^~~~~~~~~
referenced by:
    main: chapter_searching/linear_search.zig:48:20
    main: /Users/sunyanfei/.zig/zig-macos-aarch64-0.14.1/lib/std/start.zig:660:37
    3 reference(s) hidden; use '-freference-trace=5' to see all references
error: the following command failed with 5 compilation errors:
/Users/sunyanfei/.zig/zig-macos-aarch64-0.14.1/zig build-exe -ODebug -Mroot=/Users/sunyanfei/root/codes/company/cross/AlgorithmSpace/hello-algo/codes/zig/chapter_searching/linear_search.zig --cache-dir /Users/sunyanfei/root/codes/company/cross/AlgorithmSpace/hello-algo/codes/zig/.zig-cache --global-cache-dir /Users/sunyanfei/.cache/zig --name linear_search --zig-lib-dir /Users/sunyanfei/.zig/zig-macos-aarch64-0.14.1/lib/ --listen=- 
install
+- install climbing_stairs_constraint_dp
   +- zig build-exe climbing_stairs_constraint_dp Debug native 2 errors
chapter_dynamic_programming/climbing_stairs_constraint_dp.zig:31:9: error: local variable is never mutated
    var res = climbingStairsConstraintDP(n);
        ^~~
chapter_dynamic_programming/climbing_stairs_constraint_dp.zig:31:9: note: consider using 'const'
chapter_dynamic_programming/climbing_stairs_constraint_dp.zig:29:18: error: local variable is never mutated
    comptime var n: usize = 9;
                 ^
chapter_dynamic_programming/climbing_stairs_constraint_dp.zig:29:18: note: consider using 'const'
error: the following command failed with 2 compilation errors:
/Users/sunyanfei/.zig/zig-macos-aarch64-0.14.1/zig build-exe -ODebug -Mroot=/Users/sunyanfei/root/codes/company/cross/AlgorithmSpace/hello-algo/codes/zig/chapter_dynamic_programming/climbing_stairs_constraint_dp.zig --cache-dir /Users/sunyanfei/root/codes/company/cross/AlgorithmSpace/hello-algo/codes/zig/.zig-cache --global-cache-dir /Users/sunyanfei/.cache/zig --name climbing_stairs_constraint_dp --zig-lib-dir /Users/sunyanfei/.zig/zig-macos-aarch64-0.14.1/lib/ --listen=- 
install
+- install two_sum
   +- zig build-exe two_sum Debug native 4 errors
chapter_searching/two_sum.zig:10:9: error: local variable is never mutated
    var size: usize = nums.len;
        ^~~~
chapter_searching/two_sum.zig:10:9: note: consider using 'const'
chapter_searching/two_sum.zig:26:9: error: local variable is never mutated
    var size: usize = nums.len;
        ^~~~
chapter_searching/two_sum.zig:26:9: note: consider using 'const'
chapter_searching/two_sum.zig:45:9: error: local variable is never mutated
    var target: i32 = 9;
        ^~~~~~
chapter_searching/two_sum.zig:45:9: note: consider using 'const'
chapter_searching/two_sum.zig:6:21: error: no module named 'include' available within module root
const inc = @import("include");
                    ^~~~~~~~~
referenced by:
    main: chapter_searching/two_sum.zig:51:5
    main: /Users/sunyanfei/.zig/zig-macos-aarch64-0.14.1/lib/std/start.zig:660:37
    3 reference(s) hidden; use '-freference-trace=5' to see all references
error: the following command failed with 4 compilation errors:
/Users/sunyanfei/.zig/zig-macos-aarch64-0.14.1/zig build-exe -ODebug -Mroot=/Users/sunyanfei/root/codes/company/cross/AlgorithmSpace/hello-algo/codes/zig/chapter_searching/two_sum.zig --cache-dir /Users/sunyanfei/root/codes/company/cross/AlgorithmSpace/hello-algo/codes/zig/.zig-cache --global-cache-dir /Users/sunyanfei/.cache/zig --name two_sum --zig-lib-dir /Users/sunyanfei/.zig/zig-macos-aarch64-0.14.1/lib/ --listen=- 
install
+- install time_complexity
   +- zig build-exe time_complexity Debug native 4 errors
chapter_computational_complexity/time_complexity.zig:64:21: error: local variable is never mutated
                var tmp = nums[j];
                    ^~~
chapter_computational_complexity/time_complexity.zig:64:21: note: consider using 'const'
chapter_computational_complexity/time_complexity.zig:103:23: error: division with 'i32' and 'comptime_int': signed integers must use @divTrunc, @divFloor, or @divExact
        n_var = n_var / 2;
                ~~~~~~^~~
referenced by:
    main: chapter_computational_complexity/time_complexity.zig:166:24
    main: /Users/sunyanfei/.zig/zig-macos-aarch64-0.14.1/lib/std/start.zig:660:37
    3 reference(s) hidden; use '-freference-trace=5' to see all references
chapter_computational_complexity/time_complexity.zig:112:23: error: division with 'i32' and 'comptime_int': signed integers must use @divTrunc, @divFloor, or @divExact
    return logRecur(n / 2) + 1;
                    ~~^~~
chapter_computational_complexity/time_complexity.zig:118:39: error: division with 'i32' and 'comptime_int': signed integers must use @divTrunc, @divFloor, or @divExact
    var count: i32 = linearLogRecur(n / 2) + linearLogRecur(n / 2);
                                    ~~^~~
error: the following command failed with 4 compilation errors:
/Users/sunyanfei/.zig/zig-macos-aarch64-0.14.1/zig build-exe -ODebug -Mroot=/Users/sunyanfei/root/codes/company/cross/AlgorithmSpace/hello-algo/codes/zig/chapter_computational_complexity/time_complexity.zig --cache-dir /Users/sunyanfei/root/codes/company/cross/AlgorithmSpace/hello-algo/codes/zig/.zig-cache --global-cache-dir /Users/sunyanfei/.cache/zig --name time_complexity --zig-lib-dir /Users/sunyanfei/.zig/zig-macos-aarch64-0.14.1/lib/ --listen=- 
install
+- install knapsack
   +- zig build-exe knapsack Debug native 9 errors
chapter_dynamic_programming/knapsack.zig:19:9: error: local variable is never mutated
    var yes = knapsackDFS(wgt, val, i - 1, c - @as(usize, @intCast(wgt[i - 1]))) + val[i - 1];
        ^~~
chapter_dynamic_programming/knapsack.zig:19:9: note: consider using 'const'
chapter_dynamic_programming/knapsack.zig:18:9: error: local variable is never mutated
    var no = knapsackDFS(wgt, val, i - 1, c);
        ^~
chapter_dynamic_programming/knapsack.zig:18:9: note: consider using 'const'
chapter_dynamic_programming/knapsack.zig:40:9: error: local variable is never mutated
    var yes = knapsackDFSMem(wgt, val, mem, i - 1, c - @as(usize, @intCast(wgt[i - 1]))) + val[i - 1];
        ^~~
chapter_dynamic_programming/knapsack.zig:40:9: note: consider using 'const'
chapter_dynamic_programming/knapsack.zig:39:9: error: local variable is never mutated
    var no = knapsackDFSMem(wgt, val, mem, i - 1, c);
        ^~
chapter_dynamic_programming/knapsack.zig:39:9: note: consider using 'const'
chapter_dynamic_programming/knapsack.zig:48:18: error: local variable is never mutated
    comptime var n = wgt.len;
                 ^
chapter_dynamic_programming/knapsack.zig:48:18: note: consider using 'const'
chapter_dynamic_programming/knapsack.zig:68:9: error: local variable is never mutated
    var n = wgt.len;
        ^
chapter_dynamic_programming/knapsack.zig:68:9: note: consider using 'const'
chapter_dynamic_programming/knapsack.zig:90:18: error: local variable is never mutated
    comptime var n = wgt.len;
                 ^
chapter_dynamic_programming/knapsack.zig:90:18: note: consider using 'const'
chapter_dynamic_programming/knapsack.zig:89:18: error: local variable is never mutated
    comptime var cap = 50;
                 ^~~
chapter_dynamic_programming/knapsack.zig:89:18: note: consider using 'const'
chapter_dynamic_programming/knapsack.zig:93:27: error: runtime value contains reference to comptime var
    var res = knapsackDFS(&wgt, &val, n, cap);
                          ^~~~
chapter_dynamic_programming/knapsack.zig:93:27: note: comptime var pointers are not available at runtime
chapter_dynamic_programming/knapsack.zig:87:30: note: 'runtime_value.ptr' points to comptime var declared here
    comptime var wgt = [_]i32{ 10, 20, 30, 40, 50 };
                       ~~~~~~^~~~~~~~~~~~~~~~~~~~~~
referenced by:
    main: /Users/sunyanfei/.zig/zig-macos-aarch64-0.14.1/lib/std/start.zig:660:37
    comptime: /Users/sunyanfei/.zig/zig-macos-aarch64-0.14.1/lib/std/start.zig:58:30
    2 reference(s) hidden; use '-freference-trace=4' to see all references
error: the following command failed with 9 compilation errors:
/Users/sunyanfei/.zig/zig-macos-aarch64-0.14.1/zig build-exe -ODebug -Mroot=/Users/sunyanfei/root/codes/company/cross/AlgorithmSpace/hello-algo/codes/zig/chapter_dynamic_programming/knapsack.zig --cache-dir /Users/sunyanfei/root/codes/company/cross/AlgorithmSpace/hello-algo/codes/zig/.zig-cache --global-cache-dir /Users/sunyanfei/.cache/zig --name knapsack --zig-lib-dir /Users/sunyanfei/.zig/zig-macos-aarch64-0.14.1/lib/ --listen=- 
install
+- install linkedlist_queue
   +- zig build-exe linkedlist_queue Debug native 6 errors
chapter_stack_and_queue/linkedlist_queue.zig:71:17: error: local variable is never mutated
            var num = self.peek();
                ^~~
chapter_stack_and_queue/linkedlist_queue.zig:71:17: note: consider using 'const'
chapter_stack_and_queue/linkedlist_queue.zig:123:9: error: local variable is never mutated
    var is_empty = queue.isEmpty();
        ^~~~~~~~
chapter_stack_and_queue/linkedlist_queue.zig:123:9: note: consider using 'const'
chapter_stack_and_queue/linkedlist_queue.zig:119:9: error: local variable is never mutated
    var size = queue.size();
        ^~~~
chapter_stack_and_queue/linkedlist_queue.zig:119:9: note: consider using 'const'
chapter_stack_and_queue/linkedlist_queue.zig:114:9: error: local variable is never mutated
    var pop = queue.pop();
        ^~~
chapter_stack_and_queue/linkedlist_queue.zig:114:9: note: consider using 'const'
chapter_stack_and_queue/linkedlist_queue.zig:110:9: error: local variable is never mutated
    var peek = queue.peek();
        ^~~~
chapter_stack_and_queue/linkedlist_queue.zig:110:9: note: consider using 'const'
chapter_stack_and_queue/linkedlist_queue.zig:6:21: error: no module named 'include' available within module root
const inc = @import("include");
                    ^~~~~~~~~
referenced by:
    linkedlist_queue.LinkedListQueue(i32): chapter_stack_and_queue/linkedlist_queue.zig:13:18
    main: chapter_stack_and_queue/linkedlist_queue.zig:10:12
    4 reference(s) hidden; use '-freference-trace=6' to see all references
error: the following command failed with 6 compilation errors:
/Users/sunyanfei/.zig/zig-macos-aarch64-0.14.1/zig build-exe -ODebug -Mroot=/Users/sunyanfei/root/codes/company/cross/AlgorithmSpace/hello-algo/codes/zig/chapter_stack_and_queue/linkedlist_queue.zig --cache-dir /Users/sunyanfei/root/codes/company/cross/AlgorithmSpace/hello-algo/codes/zig/.zig-cache --global-cache-dir /Users/sunyanfei/.cache/zig --name linkedlist_queue --zig-lib-dir /Users/sunyanfei/.zig/zig-macos-aarch64-0.14.1/lib/ --listen=- 
install
+- install linked_list
   +- zig build-exe linked_list Debug native 6 errors
chapter_array_and_linkedlist/linked_list.zig:10:9: error: local variable is never mutated
    var n1 = n0.?.next;
        ^~
chapter_array_and_linkedlist/linked_list.zig:10:9: note: consider using 'const'
chapter_array_and_linkedlist/linked_list.zig:20:9: error: local variable is never mutated
    var n1 = P.?.next;
        ^~
chapter_array_and_linkedlist/linked_list.zig:20:9: note: consider using 'const'
chapter_array_and_linkedlist/linked_list.zig:19:9: error: local variable is never mutated
    var P = n0.?.next;
        ^
chapter_array_and_linkedlist/linked_list.zig:19:9: note: consider using 'const'
chapter_array_and_linkedlist/linked_list.zig:80:9: error: local variable is never mutated
    var index = find(&n0, 2);
        ^~~~~
chapter_array_and_linkedlist/linked_list.zig:80:9: note: consider using 'const'
chapter_array_and_linkedlist/linked_list.zig:76:9: error: local variable is never mutated
    var node = access(&n0, 3);
        ^~~~
chapter_array_and_linkedlist/linked_list.zig:76:9: note: consider using 'const'
chapter_array_and_linkedlist/linked_list.zig:6:21: error: no module named 'include' available within module root
const inc = @import("include");
                    ^~~~~~~~~
referenced by:
    main: chapter_array_and_linkedlist/linked_list.zig:51:14
    main: /Users/sunyanfei/.zig/zig-macos-aarch64-0.14.1/lib/std/start.zig:660:37
    3 reference(s) hidden; use '-freference-trace=5' to see all references
error: the following command failed with 6 compilation errors:
/Users/sunyanfei/.zig/zig-macos-aarch64-0.14.1/zig build-exe -ODebug -Mroot=/Users/sunyanfei/root/codes/company/cross/AlgorithmSpace/hello-algo/codes/zig/chapter_array_and_linkedlist/linked_list.zig --cache-dir /Users/sunyanfei/root/codes/company/cross/AlgorithmSpace/hello-algo/codes/zig/.zig-cache --global-cache-dir /Users/sunyanfei/.cache/zig --name linked_list --zig-lib-dir /Users/sunyanfei/.zig/zig-macos-aarch64-0.14.1/lib/ --listen=- 
install
+- install worst_best_time_complexity
   +- zig build-exe worst_best_time_complexity Debug native 2 errors
chapter_computational_complexity/worst_best_time_complexity.zig:37:13: error: local variable is never mutated
        var index = findOne(&nums);
            ^~~~~
chapter_computational_complexity/worst_best_time_complexity.zig:37:13: note: consider using 'const'
chapter_computational_complexity/worst_best_time_complexity.zig:6:21: error: no module named 'include' available within module root
const inc = @import("include");
                    ^~~~~~~~~
referenced by:
    main: chapter_computational_complexity/worst_best_time_complexity.zig:39:9
    main: /Users/sunyanfei/.zig/zig-macos-aarch64-0.14.1/lib/std/start.zig:660:37
    3 reference(s) hidden; use '-freference-trace=5' to see all references
error: the following command failed with 2 compilation errors:
/Users/sunyanfei/.zig/zig-macos-aarch64-0.14.1/zig build-exe -ODebug -Mroot=/Users/sunyanfei/root/codes/company/cross/AlgorithmSpace/hello-algo/codes/zig/chapter_computational_complexity/worst_best_time_complexity.zig --cache-dir /Users/sunyanfei/root/codes/company/cross/AlgorithmSpace/hello-algo/codes/zig/.zig-cache --global-cache-dir /Users/sunyanfei/.cache/zig --name worst_best_time_complexity --zig-lib-dir /Users/sunyanfei/.zig/zig-macos-aarch64-0.14.1/lib/ --listen=- 
install
+- install min_path_sum
   +- zig build-exe min_path_sum Debug native 11 errors
chapter_dynamic_programming/min_path_sum.zig:19:9: error: local variable is never mutated
    var left = minPathSumDFS(grid, i, j - 1);
        ^~~~
chapter_dynamic_programming/min_path_sum.zig:19:9: note: consider using 'const'
chapter_dynamic_programming/min_path_sum.zig:18:9: error: local variable is never mutated
    var up = minPathSumDFS(grid, i - 1, j);
        ^~
chapter_dynamic_programming/min_path_sum.zig:18:9: note: consider using 'const'
chapter_dynamic_programming/min_path_sum.zig:40:9: error: local variable is never mutated
    var left = minPathSumDFSMem(grid, mem, i, j - 1);
        ^~~~
chapter_dynamic_programming/min_path_sum.zig:40:9: note: consider using 'const'
chapter_dynamic_programming/min_path_sum.zig:39:9: error: local variable is never mutated
    var up = minPathSumDFSMem(grid, mem, i - 1, j);
        ^~
chapter_dynamic_programming/min_path_sum.zig:39:9: note: consider using 'const'
chapter_dynamic_programming/min_path_sum.zig:50:18: error: local variable is never mutated
    comptime var m = grid[0].len;
                 ^
chapter_dynamic_programming/min_path_sum.zig:50:18: note: consider using 'const'
chapter_dynamic_programming/min_path_sum.zig:49:18: error: local variable is never mutated
    comptime var n = grid.len;
                 ^
chapter_dynamic_programming/min_path_sum.zig:49:18: note: consider using 'const'
chapter_dynamic_programming/min_path_sum.zig:74:18: error: local variable is never mutated
    comptime var m = grid[0].len;
                 ^
chapter_dynamic_programming/min_path_sum.zig:74:18: note: consider using 'const'
chapter_dynamic_programming/min_path_sum.zig:73:18: error: local variable is never mutated
    comptime var n = grid.len;
                 ^
chapter_dynamic_programming/min_path_sum.zig:73:18: note: consider using 'const'
chapter_dynamic_programming/min_path_sum.zig:102:18: error: local variable is never mutated
    comptime var m = grid[0].len;
                 ^
chapter_dynamic_programming/min_path_sum.zig:102:18: note: consider using 'const'
chapter_dynamic_programming/min_path_sum.zig:101:18: error: local variable is never mutated
    comptime var n = grid.len;
                 ^
chapter_dynamic_programming/min_path_sum.zig:101:18: note: consider using 'const'
chapter_dynamic_programming/min_path_sum.zig:105:29: error: runtime value contains reference to comptime var
    var res = minPathSumDFS(&grid, n - 1, m - 1);
                            ^~~~~
chapter_dynamic_programming/min_path_sum.zig:105:29: note: comptime var pointers are not available at runtime
chapter_dynamic_programming/min_path_sum.zig:95:34: note: 'runtime_value' points to comptime var declared here
    comptime var grid = [_][4]i32{
                        ~~~~~~~~~^
referenced by:
    main: /Users/sunyanfei/.zig/zig-macos-aarch64-0.14.1/lib/std/start.zig:660:37
    comptime: /Users/sunyanfei/.zig/zig-macos-aarch64-0.14.1/lib/std/start.zig:58:30
    2 reference(s) hidden; use '-freference-trace=4' to see all references
error: the following command failed with 11 compilation errors:
/Users/sunyanfei/.zig/zig-macos-aarch64-0.14.1/zig build-exe -ODebug -Mroot=/Users/sunyanfei/root/codes/company/cross/AlgorithmSpace/hello-algo/codes/zig/chapter_dynamic_programming/min_path_sum.zig --cache-dir /Users/sunyanfei/root/codes/company/cross/AlgorithmSpace/hello-algo/codes/zig/.zig-cache --global-cache-dir /Users/sunyanfei/.cache/zig --name min_path_sum --zig-lib-dir /Users/sunyanfei/.zig/zig-macos-aarch64-0.14.1/lib/ --listen=- 
install
+- install climbing_stairs_dfs_mem
   +- zig build-exe climbing_stairs_dfs_mem Debug native 3 errors
chapter_dynamic_programming/climbing_stairs_dfs_mem.zig:18:9: error: local variable is never mutated
    var count = dfs(i - 1, mem) + dfs(i - 2, mem);
        ^~~~~
chapter_dynamic_programming/climbing_stairs_dfs_mem.zig:18:9: note: consider using 'const'
chapter_dynamic_programming/climbing_stairs_dfs_mem.zig:35:9: error: local variable is never mutated
    var res = climbingStairsDFSMem(n);
        ^~~
chapter_dynamic_programming/climbing_stairs_dfs_mem.zig:35:9: note: consider using 'const'
chapter_dynamic_programming/climbing_stairs_dfs_mem.zig:33:18: error: local variable is never mutated
    comptime var n: usize = 9;
                 ^
chapter_dynamic_programming/climbing_stairs_dfs_mem.zig:33:18: note: consider using 'const'
error: the following command failed with 3 compilation errors:
/Users/sunyanfei/.zig/zig-macos-aarch64-0.14.1/zig build-exe -ODebug -Mroot=/Users/sunyanfei/root/codes/company/cross/AlgorithmSpace/hello-algo/codes/zig/chapter_dynamic_programming/climbing_stairs_dfs_mem.zig --cache-dir /Users/sunyanfei/root/codes/company/cross/AlgorithmSpace/hello-algo/codes/zig/.zig-cache --global-cache-dir /Users/sunyanfei/.cache/zig --name climbing_stairs_dfs_mem --zig-lib-dir /Users/sunyanfei/.zig/zig-macos-aarch64-0.14.1/lib/ --listen=- 
install
+- install avl_tree
   +- zig build-exe avl_tree Debug native 6 errors
chapter_tree/avl_tree.zig:55:17: error: local variable is never mutated
            var grandChild = child.?.right;
                ^~~~~~~~~~
chapter_tree/avl_tree.zig:55:17: note: consider using 'const'
chapter_tree/avl_tree.zig:69:17: error: local variable is never mutated
            var grandChild = child.?.left;
                ^~~~~~~~~~
chapter_tree/avl_tree.zig:69:17: note: consider using 'const'
chapter_tree/avl_tree.zig:83:17: error: local variable is never mutated
            var balance_factor = self.balanceFactor(node);
                ^~~~~~~~~~~~~~
chapter_tree/avl_tree.zig:83:17: note: consider using 'const'
chapter_tree/avl_tree.zig:154:25: error: local variable is never mutated
                    var child = if (node.?.left != null) node.?.left else node.?.right;
                        ^~~~~
chapter_tree/avl_tree.zig:154:25: note: consider using 'const'
chapter_tree/avl_tree.zig:245:9: error: local variable is never mutated
    var node = avl_tree.search(7).?;
        ^~~~
chapter_tree/avl_tree.zig:245:9: note: consider using 'const'
chapter_tree/avl_tree.zig:6:21: error: no module named 'include' available within module root
const inc = @import("include");
                    ^~~~~~~~~
referenced by:
    avl_tree.AVLTree(i32): chapter_tree/avl_tree.zig:13:17
    main: chapter_tree/avl_tree.zig:10:12
    4 reference(s) hidden; use '-freference-trace=6' to see all references
error: the following command failed with 6 compilation errors:
/Users/sunyanfei/.zig/zig-macos-aarch64-0.14.1/zig build-exe -ODebug -Mroot=/Users/sunyanfei/root/codes/company/cross/AlgorithmSpace/hello-algo/codes/zig/chapter_tree/avl_tree.zig --cache-dir /Users/sunyanfei/root/codes/company/cross/AlgorithmSpace/hello-algo/codes/zig/.zig-cache --global-cache-dir /Users/sunyanfei/.cache/zig --name avl_tree --zig-lib-dir /Users/sunyanfei/.zig/zig-macos-aarch64-0.14.1/lib/ --listen=- 
install
+- install edit_distance
   +- zig build-exe edit_distance Debug native 13 errors
chapter_dynamic_programming/edit_distance.zig:28:9: error: local variable is never mutated
    var replace = editDistanceDFS(s, t, i - 1, j - 1);
        ^~~~~~~
chapter_dynamic_programming/edit_distance.zig:28:9: note: consider using 'const'
chapter_dynamic_programming/edit_distance.zig:27:9: error: local variable is never mutated
    var delete = editDistanceDFS(s, t, i - 1, j);
        ^~~~~~
chapter_dynamic_programming/edit_distance.zig:27:9: note: consider using 'const'
chapter_dynamic_programming/edit_distance.zig:26:9: error: local variable is never mutated
    var insert = editDistanceDFS(s, t, i, j - 1);
        ^~~~~~
chapter_dynamic_programming/edit_distance.zig:26:9: note: consider using 'const'
chapter_dynamic_programming/edit_distance.zig:58:9: error: local variable is never mutated
    var replace = editDistanceDFSMem(s, t, mem, i - 1, j - 1);
        ^~~~~~~
chapter_dynamic_programming/edit_distance.zig:58:9: note: consider using 'const'
chapter_dynamic_programming/edit_distance.zig:57:9: error: local variable is never mutated
    var delete = editDistanceDFSMem(s, t, mem, i - 1, j);
        ^~~~~~
chapter_dynamic_programming/edit_distance.zig:57:9: note: consider using 'const'
chapter_dynamic_programming/edit_distance.zig:56:9: error: local variable is never mutated
    var insert = editDistanceDFSMem(s, t, mem, i, j - 1);
        ^~~~~~
chapter_dynamic_programming/edit_distance.zig:56:9: note: consider using 'const'
chapter_dynamic_programming/edit_distance.zig:67:18: error: local variable is never mutated
    comptime var m = t.len;
                 ^
chapter_dynamic_programming/edit_distance.zig:67:18: note: consider using 'const'
chapter_dynamic_programming/edit_distance.zig:66:18: error: local variable is never mutated
    comptime var n = s.len;
                 ^
chapter_dynamic_programming/edit_distance.zig:66:18: note: consider using 'const'
chapter_dynamic_programming/edit_distance.zig:107:17: error: local variable is never mutated
            var temp = dp[j];
                ^~~~
chapter_dynamic_programming/edit_distance.zig:107:17: note: consider using 'const'
chapter_dynamic_programming/edit_distance.zig:94:18: error: local variable is never mutated
    comptime var m = t.len;
                 ^
chapter_dynamic_programming/edit_distance.zig:94:18: note: consider using 'const'
chapter_dynamic_programming/edit_distance.zig:93:18: error: local variable is never mutated
    comptime var n = s.len;
                 ^
chapter_dynamic_programming/edit_distance.zig:93:18: note: consider using 'const'
chapter_dynamic_programming/edit_distance.zig:126:18: error: local variable is never mutated
    comptime var m = t.len;
                 ^
chapter_dynamic_programming/edit_distance.zig:126:18: note: consider using 'const'
chapter_dynamic_programming/edit_distance.zig:125:18: error: local variable is never mutated
    comptime var n = s.len;
                 ^
chapter_dynamic_programming/edit_distance.zig:125:18: note: consider using 'const'
error: the following command failed with 13 compilation errors:
/Users/sunyanfei/.zig/zig-macos-aarch64-0.14.1/zig build-exe -ODebug -Mroot=/Users/sunyanfei/root/codes/company/cross/AlgorithmSpace/hello-algo/codes/zig/chapter_dynamic_programming/edit_distance.zig --cache-dir /Users/sunyanfei/root/codes/company/cross/AlgorithmSpace/hello-algo/codes/zig/.zig-cache --global-cache-dir /Users/sunyanfei/.cache/zig --name edit_distance --zig-lib-dir /Users/sunyanfei/.zig/zig-macos-aarch64-0.14.1/lib/ --listen=- 
install
+- install deque
   +- zig build-exe deque Debug native 7 errors
chapter_stack_and_queue/deque.zig:47:9: error: local variable is never mutated
    var is_empty = if (deque.len == 0) true else false;
        ^~~~~~~~
chapter_stack_and_queue/deque.zig:47:9: note: consider using 'const'
chapter_stack_and_queue/deque.zig:43:9: error: local variable is never mutated
    var size = deque.len;
        ^~~~
chapter_stack_and_queue/deque.zig:43:9: note: consider using 'const'
chapter_stack_and_queue/deque.zig:38:9: error: local variable is never mutated
    var pop_last = deque.pop().?.data;          // 队尾元素出队
        ^~~~~~~~
chapter_stack_and_queue/deque.zig:38:9: note: consider using 'const'
chapter_stack_and_queue/deque.zig:35:9: error: local variable is never mutated
    var pop_first = deque.popFirst().?.data;    // 队首元素出队
        ^~~~~~~~~
chapter_stack_and_queue/deque.zig:35:9: note: consider using 'const'
chapter_stack_and_queue/deque.zig:31:9: error: local variable is never mutated
    var peek_last = deque.last.?.data;   // 队尾元素
        ^~~~~~~~~
chapter_stack_and_queue/deque.zig:31:9: note: consider using 'const'
chapter_stack_and_queue/deque.zig:29:9: error: local variable is never mutated
    var peek_first = deque.first.?.data; // 队首元素
        ^~~~~~~~~~
chapter_stack_and_queue/deque.zig:29:9: note: consider using 'const'
chapter_stack_and_queue/deque.zig:11:18: error: root source file struct 'std' has no member named 'TailQueue'
    const L = std.TailQueue(i32);
              ~~~^~~~~~~~~~
/Users/sunyanfei/.zig/zig-macos-aarch64-0.14.1/lib/std/std.zig:1:1: note: struct declared here
pub const ArrayHashMap = array_hash_map.ArrayHashMap;
^~~
referenced by:
    main: /Users/sunyanfei/.zig/zig-macos-aarch64-0.14.1/lib/std/start.zig:660:37
    comptime: /Users/sunyanfei/.zig/zig-macos-aarch64-0.14.1/lib/std/start.zig:58:30
    2 reference(s) hidden; use '-freference-trace=4' to see all references
error: the following command failed with 7 compilation errors:
/Users/sunyanfei/.zig/zig-macos-aarch64-0.14.1/zig build-exe -ODebug -Mroot=/Users/sunyanfei/root/codes/company/cross/AlgorithmSpace/hello-algo/codes/zig/chapter_stack_and_queue/deque.zig --cache-dir /Users/sunyanfei/root/codes/company/cross/AlgorithmSpace/hello-algo/codes/zig/.zig-cache --global-cache-dir /Users/sunyanfei/.cache/zig --name deque --zig-lib-dir /Users/sunyanfei/.zig/zig-macos-aarch64-0.14.1/lib/ --listen=- 
install
+- install hash_map
   +- zig build-exe hash_map Debug native 2 errors
chapter_hashing/hash_map.zig:27:9: error: local variable is never mutated
    var name = map.get(15937).?;
        ^~~~
chapter_hashing/hash_map.zig:27:9: note: consider using 'const'
chapter_hashing/hash_map.zig:6:21: error: no module named 'include' available within module root
const inc = @import("include");
                    ^~~~~~~~~
referenced by:
    main: chapter_hashing/hash_map.zig:23:5
    main: /Users/sunyanfei/.zig/zig-macos-aarch64-0.14.1/lib/std/start.zig:660:37
    3 reference(s) hidden; use '-freference-trace=5' to see all references
error: the following command failed with 2 compilation errors:
/Users/sunyanfei/.zig/zig-macos-aarch64-0.14.1/zig build-exe -ODebug -Mroot=/Users/sunyanfei/root/codes/company/cross/AlgorithmSpace/hello-algo/codes/zig/chapter_hashing/hash_map.zig --cache-dir /Users/sunyanfei/root/codes/company/cross/AlgorithmSpace/hello-algo/codes/zig/.zig-cache --global-cache-dir /Users/sunyanfei/.cache/zig --name hash_map --zig-lib-dir /Users/sunyanfei/.zig/zig-macos-aarch64-0.14.1/lib/ --listen=- 
install
+- install coin_change_ii
   +- zig build-exe coin_change_ii Debug native 4 errors
chapter_dynamic_programming/coin_change_ii.zig:9:18: error: local variable is never mutated
    comptime var n = coins.len;
                 ^
chapter_dynamic_programming/coin_change_ii.zig:9:18: note: consider using 'const'
chapter_dynamic_programming/coin_change_ii.zig:33:18: error: local variable is never mutated
    comptime var n = coins.len;
                 ^
chapter_dynamic_programming/coin_change_ii.zig:33:18: note: consider using 'const'
chapter_dynamic_programming/coin_change_ii.zig:55:18: error: local variable is never mutated
    comptime var amt: usize = 5;
                 ^~~
chapter_dynamic_programming/coin_change_ii.zig:55:18: note: consider using 'const'
chapter_dynamic_programming/coin_change_ii.zig:58:30: error: runtime value contains reference to comptime var
    var res = coinChangeIIDP(&coins, amt);
                             ^~~~~~
chapter_dynamic_programming/coin_change_ii.zig:58:30: note: comptime var pointers are not available at runtime
chapter_dynamic_programming/coin_change_ii.zig:54:32: note: 'runtime_value.ptr' points to comptime var declared here
    comptime var coins = [_]i32{ 1, 2, 5 };
                         ~~~~~~^~~~~~~~~~~
referenced by:
    main: /Users/sunyanfei/.zig/zig-macos-aarch64-0.14.1/lib/std/start.zig:660:37
    comptime: /Users/sunyanfei/.zig/zig-macos-aarch64-0.14.1/lib/std/start.zig:58:30
    2 reference(s) hidden; use '-freference-trace=4' to see all references
error: the following command failed with 4 compilation errors:
/Users/sunyanfei/.zig/zig-macos-aarch64-0.14.1/zig build-exe -ODebug -Mroot=/Users/sunyanfei/root/codes/company/cross/AlgorithmSpace/hello-algo/codes/zig/chapter_dynamic_programming/coin_change_ii.zig --cache-dir /Users/sunyanfei/root/codes/company/cross/AlgorithmSpace/hello-algo/codes/zig/.zig-cache --global-cache-dir /Users/sunyanfei/.cache/zig --name coin_change_ii --zig-lib-dir /Users/sunyanfei/.zig/zig-macos-aarch64-0.14.1/lib/ --listen=- 
install
+- install binary_tree_bfs
   +- zig build-exe binary_tree_bfs Debug native 4 errors
chapter_tree/binary_tree_bfs.zig:20:13: error: local variable is never mutated
        var node = queue_node.data;
            ^~~~
chapter_tree/binary_tree_bfs.zig:20:13: note: consider using 'const'
chapter_tree/binary_tree_bfs.zig:19:13: error: local variable is never mutated
        var queue_node = queue.popFirst().?;    // 队列出队
            ^~~~~~~~~~
chapter_tree/binary_tree_bfs.zig:19:13: note: consider using 'const'
chapter_tree/binary_tree_bfs.zig:46:9: error: local variable is never mutated
    var root = try inc.TreeUtil.arrToTree(i32, mem_allocator, &nums);
        ^~~~
chapter_tree/binary_tree_bfs.zig:46:9: note: consider using 'const'
chapter_tree/binary_tree_bfs.zig:6:21: error: no module named 'include' available within module root
const inc = @import("include");
                    ^~~~~~~~~
referenced by:
    main: chapter_tree/binary_tree_bfs.zig:46:20
    main: /Users/sunyanfei/.zig/zig-macos-aarch64-0.14.1/lib/std/start.zig:660:37
    3 reference(s) hidden; use '-freference-trace=5' to see all references
error: the following command failed with 4 compilation errors:
/Users/sunyanfei/.zig/zig-macos-aarch64-0.14.1/zig build-exe -ODebug -Mroot=/Users/sunyanfei/root/codes/company/cross/AlgorithmSpace/hello-algo/codes/zig/chapter_tree/binary_tree_bfs.zig --cache-dir /Users/sunyanfei/root/codes/company/cross/AlgorithmSpace/hello-algo/codes/zig/.zig-cache --global-cache-dir /Users/sunyanfei/.cache/zig --name binary_tree_bfs --zig-lib-dir /Users/sunyanfei/.zig/zig-macos-aarch64-0.14.1/lib/ --listen=- 
install
+- install min_cost_climbing_stairs_dp
   +- zig build-exe min_cost_climbing_stairs_dp Debug native 4 errors
chapter_dynamic_programming/min_cost_climbing_stairs_dp.zig:9:18: error: local variable is never mutated
    comptime var n = cost.len - 1;
                 ^
chapter_dynamic_programming/min_cost_climbing_stairs_dp.zig:9:18: note: consider using 'const'
chapter_dynamic_programming/min_cost_climbing_stairs_dp.zig:35:13: error: local variable is never mutated
        var tmp = b;
            ^~~
chapter_dynamic_programming/min_cost_climbing_stairs_dp.zig:35:13: note: consider using 'const'
chapter_dynamic_programming/min_cost_climbing_stairs_dp.zig:27:9: error: local variable is never mutated
    var n = cost.len - 1;
        ^
chapter_dynamic_programming/min_cost_climbing_stairs_dp.zig:27:9: note: consider using 'const'
chapter_dynamic_programming/min_cost_climbing_stairs_dp.zig:47:39: error: runtime value contains reference to comptime var
    var res = minCostClimbingStairsDP(&cost);
                                      ^~~~~
chapter_dynamic_programming/min_cost_climbing_stairs_dp.zig:47:39: note: comptime var pointers are not available at runtime
chapter_dynamic_programming/min_cost_climbing_stairs_dp.zig:44:31: note: 'runtime_value.ptr' points to comptime var declared here
    comptime var cost = [_]i32{ 0, 1, 10, 1, 1, 1, 10, 1, 1, 10, 1 };
                        ~~~~~~^~~~~~~~~~~~~~~~~~~~~~~~~~~~~~~~~~~~~~
referenced by:
    main: /Users/sunyanfei/.zig/zig-macos-aarch64-0.14.1/lib/std/start.zig:660:37
    comptime: /Users/sunyanfei/.zig/zig-macos-aarch64-0.14.1/lib/std/start.zig:58:30
    2 reference(s) hidden; use '-freference-trace=4' to see all references
error: the following command failed with 4 compilation errors:
/Users/sunyanfei/.zig/zig-macos-aarch64-0.14.1/zig build-exe -ODebug -Mroot=/Users/sunyanfei/root/codes/company/cross/AlgorithmSpace/hello-algo/codes/zig/chapter_dynamic_programming/min_cost_climbing_stairs_dp.zig --cache-dir /Users/sunyanfei/root/codes/company/cross/AlgorithmSpace/hello-algo/codes/zig/.zig-cache --global-cache-dir /Users/sunyanfei/.cache/zig --name min_cost_climbing_stairs_dp --zig-lib-dir /Users/sunyanfei/.zig/zig-macos-aarch64-0.14.1/lib/ --listen=- 
install
+- install climbing_stairs_backtrack
   +- zig build-exe climbing_stairs_backtrack Debug native 3 errors
chapter_dynamic_programming/climbing_stairs_backtrack.zig:28:9: error: local variable is never mutated
    var state: i32 = 0; // 从第 0 阶开始爬
        ^~~~~
chapter_dynamic_programming/climbing_stairs_backtrack.zig:28:9: note: consider using 'const'
chapter_dynamic_programming/climbing_stairs_backtrack.zig:40:9: error: local variable is never mutated
    var res = try climbingStairsBacktrack(n);
        ^~~
chapter_dynamic_programming/climbing_stairs_backtrack.zig:40:9: note: consider using 'const'
chapter_dynamic_programming/climbing_stairs_backtrack.zig:38:9: error: local variable is never mutated
    var n: usize = 9;
        ^
chapter_dynamic_programming/climbing_stairs_backtrack.zig:38:9: note: consider using 'const'
error: the following command failed with 3 compilation errors:
/Users/sunyanfei/.zig/zig-macos-aarch64-0.14.1/zig build-exe -ODebug -Mroot=/Users/sunyanfei/root/codes/company/cross/AlgorithmSpace/hello-algo/codes/zig/chapter_dynamic_programming/climbing_stairs_backtrack.zig --cache-dir /Users/sunyanfei/root/codes/company/cross/AlgorithmSpace/hello-algo/codes/zig/.zig-cache --global-cache-dir /Users/sunyanfei/.cache/zig --name climbing_stairs_backtrack --zig-lib-dir /Users/sunyanfei/.zig/zig-macos-aarch64-0.14.1/lib/ --listen=- 
install
+- install hashing_search
   +- zig build-exe hashing_search Debug native 4 errors
chapter_searching/hashing_search.zig:51:9: error: local variable is never mutated
    var node = hashingSearchLinkedList(i32, map1, target);
        ^~~~
chapter_searching/hashing_search.zig:51:9: note: consider using 'const'
chapter_searching/hashing_search.zig:36:9: error: local variable is never mutated
    var index = hashingSearchArray(i32, map, target);
        ^~~~~
chapter_searching/hashing_search.zig:36:9: note: consider using 'const'
chapter_searching/hashing_search.zig:26:9: error: local variable is never mutated
    var target: i32 = 3;
        ^~~~~~
chapter_searching/hashing_search.zig:26:9: note: consider using 'const'
chapter_searching/hashing_search.zig:6:21: error: no module named 'include' available within module root
const inc = @import("include");
                    ^~~~~~~~~
referenced by:
    main: chapter_searching/hashing_search.zig:43:20
    main: /Users/sunyanfei/.zig/zig-macos-aarch64-0.14.1/lib/std/start.zig:660:37
    3 reference(s) hidden; use '-freference-trace=5' to see all references
error: the following command failed with 4 compilation errors:
/Users/sunyanfei/.zig/zig-macos-aarch64-0.14.1/zig build-exe -ODebug -Mroot=/Users/sunyanfei/root/codes/company/cross/AlgorithmSpace/hello-algo/codes/zig/chapter_searching/hashing_search.zig --cache-dir /Users/sunyanfei/root/codes/company/cross/AlgorithmSpace/hello-algo/codes/zig/.zig-cache --global-cache-dir /Users/sunyanfei/.cache/zig --name hashing_search --zig-lib-dir /Users/sunyanfei/.zig/zig-macos-aarch64-0.14.1/lib/ --listen=- 
install
+- install my_list
   +- zig build-exe my_list Debug native 6 errors
chapter_array_and_linkedlist/my_list.zig:87:17: error: local variable is never mutated
            var num = self.arr[index];
                ^~~
chapter_array_and_linkedlist/my_list.zig:87:17: note: consider using 'const'
chapter_array_and_linkedlist/my_list.zig:103:17: error: local variable is never mutated
            var extend = try self.mem_allocator.alloc(T, newCapacity);
                ^~~~~~
chapter_array_and_linkedlist/my_list.zig:103:17: note: consider using 'const'
chapter_array_and_linkedlist/my_list.zig:102:17: error: local variable is never mutated
            var newCapacity = self.capacity() * self.extendRatio;
                ^~~~~~~~~~~
chapter_array_and_linkedlist/my_list.zig:102:17: note: consider using 'const'
chapter_array_and_linkedlist/my_list.zig:115:17: error: local variable is never mutated
            var arr = try self.mem_allocator.alloc(T, self.size());
                ^~~
chapter_array_and_linkedlist/my_list.zig:115:17: note: consider using 'const'
chapter_array_and_linkedlist/my_list.zig:154:9: error: local variable is never mutated
    var num = nums.get(1);
        ^~~
chapter_array_and_linkedlist/my_list.zig:154:9: note: consider using 'const'
chapter_array_and_linkedlist/my_list.zig:106:20: error: root source file struct 'mem' has no member named 'copy'
            std.mem.copy(T, extend, self.arr);
            ~~~~~~~^~~~~
/Users/sunyanfei/.zig/zig-macos-aarch64-0.14.1/lib/std/mem.zig:1:1: note: struct declared here
const std = @import("std.zig");
^~~~~
referenced by:
    add: chapter_array_and_linkedlist/my_list.zig:63:72
    main: chapter_array_and_linkedlist/my_list.zig:134:17
    4 reference(s) hidden; use '-freference-trace=6' to see all references
error: the following command failed with 6 compilation errors:
/Users/sunyanfei/.zig/zig-macos-aarch64-0.14.1/zig build-exe -ODebug -Mroot=/Users/sunyanfei/root/codes/company/cross/AlgorithmSpace/hello-algo/codes/zig/chapter_array_and_linkedlist/my_list.zig --cache-dir /Users/sunyanfei/root/codes/company/cross/AlgorithmSpace/hello-algo/codes/zig/.zig-cache --global-cache-dir /Users/sunyanfei/.cache/zig --name my_list --zig-lib-dir /Users/sunyanfei/.zig/zig-macos-aarch64-0.14.1/lib/ --listen=- 
install
+- install binary_tree_dfs
   +- zig build-exe binary_tree_dfs Debug native 2 errors
chapter_tree/binary_tree_dfs.zig:47:9: error: local variable is never mutated
    var root = try inc.TreeUtil.arrToTree(i32, mem_allocator, &nums);
        ^~~~
chapter_tree/binary_tree_dfs.zig:47:9: note: consider using 'const'
chapter_tree/binary_tree_dfs.zig:6:21: error: no module named 'include' available within module root
const inc = @import("include");
                    ^~~~~~~~~
referenced by:
    main: chapter_tree/binary_tree_dfs.zig:47:20
    main: /Users/sunyanfei/.zig/zig-macos-aarch64-0.14.1/lib/std/start.zig:660:37
    3 reference(s) hidden; use '-freference-trace=5' to see all references
error: the following command failed with 2 compilation errors:
/Users/sunyanfei/.zig/zig-macos-aarch64-0.14.1/zig build-exe -ODebug -Mroot=/Users/sunyanfei/root/codes/company/cross/AlgorithmSpace/hello-algo/codes/zig/chapter_tree/binary_tree_dfs.zig --cache-dir /Users/sunyanfei/root/codes/company/cross/AlgorithmSpace/hello-algo/codes/zig/.zig-cache --global-cache-dir /Users/sunyanfei/.cache/zig --name binary_tree_dfs --zig-lib-dir /Users/sunyanfei/.zig/zig-macos-aarch64-0.14.1/lib/ --listen=- 
install
+- install quick_sort
   +- zig build-exe quick_sort Debug native 1 errors
chapter_sorting/quick_sort.zig:59:21: error: ambiguous use of '&&'; use 'and' for logical AND, or change whitespace to ' & &' for bitwise AND
        if ((l <= m && m <= r) || (r <= m && m <= l))
                    ^
error: the following command failed with 1 compilation errors:
/Users/sunyanfei/.zig/zig-macos-aarch64-0.14.1/zig build-exe -ODebug -Mroot=/Users/sunyanfei/root/codes/company/cross/AlgorithmSpace/hello-algo/codes/zig/chapter_sorting/quick_sort.zig --cache-dir /Users/sunyanfei/root/codes/company/cross/AlgorithmSpace/hello-algo/codes/zig/.zig-cache --global-cache-dir /Users/sunyanfei/.cache/zig --name quick_sort --zig-lib-dir /Users/sunyanfei/.zig/zig-macos-aarch64-0.14.1/lib/ --listen=- 
install
+- install climbing_stairs_dfs
   +- zig build-exe climbing_stairs_dfs Debug native 3 errors
chapter_dynamic_programming/climbing_stairs_dfs.zig:14:9: error: local variable is never mutated
    var count = dfs(i - 1) + dfs(i - 2);
        ^~~~~
chapter_dynamic_programming/climbing_stairs_dfs.zig:14:9: note: consider using 'const'
chapter_dynamic_programming/climbing_stairs_dfs.zig:27:9: error: local variable is never mutated
    var res = climbingStairsDFS(n);
        ^~~
chapter_dynamic_programming/climbing_stairs_dfs.zig:27:9: note: consider using 'const'
chapter_dynamic_programming/climbing_stairs_dfs.zig:25:18: error: local variable is never mutated
    comptime var n: usize = 9;
                 ^
chapter_dynamic_programming/climbing_stairs_dfs.zig:25:18: note: consider using 'const'
error: the following command failed with 3 compilation errors:
/Users/sunyanfei/.zig/zig-macos-aarch64-0.14.1/zig build-exe -ODebug -Mroot=/Users/sunyanfei/root/codes/company/cross/AlgorithmSpace/hello-algo/codes/zig/chapter_dynamic_programming/climbing_stairs_dfs.zig --cache-dir /Users/sunyanfei/root/codes/company/cross/AlgorithmSpace/hello-algo/codes/zig/.zig-cache --global-cache-dir /Users/sunyanfei/.cache/zig --name climbing_stairs_dfs --zig-lib-dir /Users/sunyanfei/.zig/zig-macos-aarch64-0.14.1/lib/ --listen=- 
install
+- install heap
   +- zig build-exe heap Debug native 5 errors
chapter_heap/heap.zig:24:9: error: local variable is never mutated
    var val = heap.remove();    //堆顶元素出堆
        ^~~
chapter_heap/heap.zig:24:9: note: consider using 'const'
chapter_heap/heap.zig:71:9: error: local variable is never mutated
    var is_empty = if (max_heap.len == 0) true else false;
        ^~~~~~~~
chapter_heap/heap.zig:71:9: note: consider using 'const'
chapter_heap/heap.zig:67:9: error: local variable is never mutated
    var size = max_heap.len;
        ^~~~
chapter_heap/heap.zig:67:9: note: consider using 'const'
chapter_heap/heap.zig:56:9: error: local variable is never mutated
    var peek = max_heap.peek().?;
        ^~~~
chapter_heap/heap.zig:56:9: note: consider using 'const'
chapter_heap/heap.zig:6:21: error: no module named 'include' available within module root
const inc = @import("include");
                    ^~~~~~~~~
referenced by:
    testPush__anon_19594: chapter_heap/heap.zig:20:9
    main: chapter_heap/heap.zig:49:17
    4 reference(s) hidden; use '-freference-trace=6' to see all references
error: the following command failed with 5 compilation errors:
/Users/sunyanfei/.zig/zig-macos-aarch64-0.14.1/zig build-exe -ODebug -Mroot=/Users/sunyanfei/root/codes/company/cross/AlgorithmSpace/hello-algo/codes/zig/chapter_heap/heap.zig --cache-dir /Users/sunyanfei/root/codes/company/cross/AlgorithmSpace/hello-algo/codes/zig/.zig-cache --global-cache-dir /Users/sunyanfei/.cache/zig --name heap --zig-lib-dir /Users/sunyanfei/.zig/zig-macos-aarch64-0.14.1/lib/ --listen=- 
install
+- install binary_search
   +- zig build-exe binary_search Debug native 3 errors
chapter_searching/binary_search.zig:15:13: error: local variable is never mutated
        var m = i + (j - i) / 2;                // 计算中点索引 m
            ^
chapter_searching/binary_search.zig:15:13: note: consider using 'const'
chapter_searching/binary_search.zig:35:13: error: local variable is never mutated
        var m = i + (j - i) / 2;                // 计算中点索引 m
            ^
chapter_searching/binary_search.zig:35:13: note: consider using 'const'
chapter_searching/binary_search.zig:50:9: error: local variable is never mutated
    var target: i32 = 6;
        ^~~~~~
chapter_searching/binary_search.zig:50:9: note: consider using 'const'
error: the following command failed with 3 compilation errors:
/Users/sunyanfei/.zig/zig-macos-aarch64-0.14.1/zig build-exe -ODebug -Mroot=/Users/sunyanfei/root/codes/company/cross/AlgorithmSpace/hello-algo/codes/zig/chapter_searching/binary_search.zig --cache-dir /Users/sunyanfei/root/codes/company/cross/AlgorithmSpace/hello-algo/codes/zig/.zig-cache --global-cache-dir /Users/sunyanfei/.cache/zig --name binary_search --zig-lib-dir /Users/sunyanfei/.zig/zig-macos-aarch64-0.14.1/lib/ --listen=- 
install
+- install bubble_sort
   +- zig build-exe bubble_sort Debug native 3 errors
chapter_sorting/bubble_sort.zig:18:21: error: local variable is never mutated
                var tmp = nums[j];
                    ^~~
chapter_sorting/bubble_sort.zig:18:21: note: consider using 'const'
chapter_sorting/bubble_sort.zig:37:21: error: local variable is never mutated
                var tmp = nums[j];
                    ^~~
chapter_sorting/bubble_sort.zig:37:21: note: consider using 'const'
chapter_sorting/bubble_sort.zig:6:21: error: no module named 'include' available within module root
const inc = @import("include");
                    ^~~~~~~~~
referenced by:
    main: chapter_sorting/bubble_sort.zig:52:5
    main: /Users/sunyanfei/.zig/zig-macos-aarch64-0.14.1/lib/std/start.zig:660:37
    3 reference(s) hidden; use '-freference-trace=5' to see all references
error: the following command failed with 3 compilation errors:
/Users/sunyanfei/.zig/zig-macos-aarch64-0.14.1/zig build-exe -ODebug -Mroot=/Users/sunyanfei/root/codes/company/cross/AlgorithmSpace/hello-algo/codes/zig/chapter_sorting/bubble_sort.zig --cache-dir /Users/sunyanfei/root/codes/company/cross/AlgorithmSpace/hello-algo/codes/zig/.zig-cache --global-cache-dir /Users/sunyanfei/.cache/zig --name bubble_sort --zig-lib-dir /Users/sunyanfei/.zig/zig-macos-aarch64-0.14.1/lib/ --listen=- 
install
+- install radix_sort
   +- zig build-exe radix_sort Debug native 5 errors
chapter_sorting/radix_sort.zig:25:13: error: local variable is never mutated
        var d: u32 = @bitCast(digit(num, exp)); // 获取 nums[i] 第 k 位，记为 d
            ^
chapter_sorting/radix_sort.zig:25:13: note: consider using 'const'
chapter_sorting/radix_sort.zig:38:13: error: local variable is never mutated
        var j = counter[d] - 1; // 获取 d 在数组中的索引 j
            ^
chapter_sorting/radix_sort.zig:38:13: note: consider using 'const'
chapter_sorting/radix_sort.zig:37:13: error: local variable is never mutated
        var d: u32 = @bitCast(digit(nums[i], exp));
            ^
chapter_sorting/radix_sort.zig:37:13: note: consider using 'const'
chapter_sorting/radix_sort.zig:22:9: error: local variable is never mutated
    var n = nums.len;
        ^
chapter_sorting/radix_sort.zig:22:9: note: consider using 'const'
chapter_sorting/radix_sort.zig:6:21: error: no module named 'include' available within module root
const inc = @import("include");
                    ^~~~~~~~~
referenced by:
    main: chapter_sorting/radix_sort.zig:74:5
    main: /Users/sunyanfei/.zig/zig-macos-aarch64-0.14.1/lib/std/start.zig:660:37
    3 reference(s) hidden; use '-freference-trace=5' to see all references
error: the following command failed with 5 compilation errors:
/Users/sunyanfei/.zig/zig-macos-aarch64-0.14.1/zig build-exe -ODebug -Mroot=/Users/sunyanfei/root/codes/company/cross/AlgorithmSpace/hello-algo/codes/zig/chapter_sorting/radix_sort.zig --cache-dir /Users/sunyanfei/root/codes/company/cross/AlgorithmSpace/hello-algo/codes/zig/.zig-cache --global-cache-dir /Users/sunyanfei/.cache/zig --name radix_sort --zig-lib-dir /Users/sunyanfei/.zig/zig-macos-aarch64-0.14.1/lib/ --listen=- 
install
+- install stack
   +- zig build-exe stack Debug native 5 errors
chapter_stack_and_queue/stack.zig:39:9: error: local variable is never mutated
    var is_empty = if (stack.items.len == 0) true else false;
        ^~~~~~~~
chapter_stack_and_queue/stack.zig:39:9: note: consider using 'const'
chapter_stack_and_queue/stack.zig:35:9: error: local variable is never mutated
    var size = stack.items.len;
        ^~~~
chapter_stack_and_queue/stack.zig:35:9: note: consider using 'const'
chapter_stack_and_queue/stack.zig:30:9: error: local variable is never mutated
    var pop = stack.pop();
        ^~~
chapter_stack_and_queue/stack.zig:30:9: note: consider using 'const'
chapter_stack_and_queue/stack.zig:26:9: error: local variable is never mutated
    var peek = stack.items[stack.items.len - 1];
        ^~~~
chapter_stack_and_queue/stack.zig:26:9: note: consider using 'const'
chapter_stack_and_queue/stack.zig:6:21: error: no module named 'include' available within module root
const inc = @import("include");
                    ^~~~~~~~~
referenced by:
    main: chapter_stack_and_queue/stack.zig:23:5
    main: /Users/sunyanfei/.zig/zig-macos-aarch64-0.14.1/lib/std/start.zig:660:37
    3 reference(s) hidden; use '-freference-trace=5' to see all references
error: the following command failed with 5 compilation errors:
/Users/sunyanfei/.zig/zig-macos-aarch64-0.14.1/zig build-exe -ODebug -Mroot=/Users/sunyanfei/root/codes/company/cross/AlgorithmSpace/hello-algo/codes/zig/chapter_stack_and_queue/stack.zig --cache-dir /Users/sunyanfei/root/codes/company/cross/AlgorithmSpace/hello-algo/codes/zig/.zig-cache --global-cache-dir /Users/sunyanfei/.cache/zig --name stack --zig-lib-dir /Users/sunyanfei/.zig/zig-macos-aarch64-0.14.1/lib/ --listen=- 
install
+- install insertion_sort
   +- zig build-exe insertion_sort Debug native 2 errors
chapter_sorting/insertion_sort.zig:13:13: error: local variable is never mutated
        var base = nums[i];
            ^~~~
chapter_sorting/insertion_sort.zig:13:13: note: consider using 'const'
chapter_sorting/insertion_sort.zig:6:21: error: no module named 'include' available within module root
const inc = @import("include");
                    ^~~~~~~~~
referenced by:
    main: chapter_sorting/insertion_sort.zig:28:5
    main: /Users/sunyanfei/.zig/zig-macos-aarch64-0.14.1/lib/std/start.zig:660:37
    3 reference(s) hidden; use '-freference-trace=5' to see all references
error: the following command failed with 2 compilation errors:
/Users/sunyanfei/.zig/zig-macos-aarch64-0.14.1/zig build-exe -ODebug -Mroot=/Users/sunyanfei/root/codes/company/cross/AlgorithmSpace/hello-algo/codes/zig/chapter_sorting/insertion_sort.zig --cache-dir /Users/sunyanfei/root/codes/company/cross/AlgorithmSpace/hello-algo/codes/zig/.zig-cache --global-cache-dir /Users/sunyanfei/.cache/zig --name insertion_sort --zig-lib-dir /Users/sunyanfei/.zig/zig-macos-aarch64-0.14.1/lib/ --listen=- 
install
+- install binary_search_tree
   +- zig build-exe binary_search_tree Debug native 5 errors
chapter_tree/binary_search_tree.zig:37:17: error: local variable is never mutated
            var mid = i + (j - i) / 2;
                ^~~
chapter_tree/binary_search_tree.zig:37:17: note: consider using 'const'
chapter_tree/binary_search_tree.zig:127:21: error: local variable is never mutated
                var child = if (cur.?.left != null) cur.?.left else cur.?.right;
                    ^~~~~
chapter_tree/binary_search_tree.zig:127:21: note: consider using 'const'
chapter_tree/binary_search_tree.zig:141:21: error: local variable is never mutated
                var tmp_val = tmp.?.val;
                    ^~~~~~~
chapter_tree/binary_search_tree.zig:141:21: note: consider using 'const'
chapter_tree/binary_search_tree.zig:162:9: error: local variable is never mutated
    var node = bst.search(7);
        ^~~~
chapter_tree/binary_search_tree.zig:162:9: note: consider using 'const'
chapter_tree/binary_search_tree.zig:6:21: error: no module named 'include' available within module root
const inc = @import("include");
                    ^~~~~~~~~
referenced by:
    binary_search_tree.BinarySearchTree(i32): chapter_tree/binary_search_tree.zig:13:17
    main: chapter_tree/binary_search_tree.zig:10:12
    4 reference(s) hidden; use '-freference-trace=6' to see all references
error: the following command failed with 5 compilation errors:
/Users/sunyanfei/.zig/zig-macos-aarch64-0.14.1/zig build-exe -ODebug -Mroot=/Users/sunyanfei/root/codes/company/cross/AlgorithmSpace/hello-algo/codes/zig/chapter_tree/binary_search_tree.zig --cache-dir /Users/sunyanfei/root/codes/company/cross/AlgorithmSpace/hello-algo/codes/zig/.zig-cache --global-cache-dir /Users/sunyanfei/.cache/zig --name binary_search_tree --zig-lib-dir /Users/sunyanfei/.zig/zig-macos-aarch64-0.14.1/lib/ --listen=- 
install
+- install my_heap
   +- zig build-exe my_heap Debug native 8 errors
chapter_heap/my_heap.zig:51:17: error: local variable is never mutated
            var tmp = self.max_heap.?.items[i];
                ^~~
chapter_heap/my_heap.zig:51:17: note: consider using 'const'
chapter_heap/my_heap.zig:84:21: error: local variable is never mutated
                var p = parent(i);
                    ^
chapter_heap/my_heap.zig:84:21: note: consider using 'const'
chapter_heap/my_heap.zig:101:17: error: local variable is never mutated
            var val = self.max_heap.?.pop();
                ^~~
chapter_heap/my_heap.zig:101:17: note: consider using 'const'
chapter_heap/my_heap.zig:114:21: error: local variable is never mutated
                var r = right(i);
                    ^
chapter_heap/my_heap.zig:114:21: note: consider using 'const'
chapter_heap/my_heap.zig:113:21: error: local variable is never mutated
                var l = left(i);
                    ^
chapter_heap/my_heap.zig:113:21: note: consider using 'const'
chapter_heap/my_heap.zig:181:9: error: local variable is never mutated
    var is_empty = max_heap.isEmpty();
        ^~~~~~~~
chapter_heap/my_heap.zig:181:9: note: consider using 'const'
chapter_heap/my_heap.zig:177:9: error: local variable is never mutated
    var size = max_heap.size();
        ^~~~
chapter_heap/my_heap.zig:177:9: note: consider using 'const'
chapter_heap/my_heap.zig:6:21: error: no module named 'include' available within module root
const inc = @import("include");
                    ^~~~~~~~~
referenced by:
    print: chapter_heap/my_heap.zig:142:17
    main: chapter_heap/my_heap.zig:159:23
    4 reference(s) hidden; use '-freference-trace=6' to see all references
error: the following command failed with 8 compilation errors:
/Users/sunyanfei/.zig/zig-macos-aarch64-0.14.1/zig build-exe -ODebug -Mroot=/Users/sunyanfei/root/codes/company/cross/AlgorithmSpace/hello-algo/codes/zig/chapter_heap/my_heap.zig --cache-dir /Users/sunyanfei/root/codes/company/cross/AlgorithmSpace/hello-algo/codes/zig/.zig-cache --global-cache-dir /Users/sunyanfei/.cache/zig --name my_heap --zig-lib-dir /Users/sunyanfei/.zig/zig-macos-aarch64-0.14.1/lib/ --listen=- 
install
+- install list
   +- zig build-exe list Debug native 2 errors
chapter_array_and_linkedlist/list.zig:19:9: error: local variable is never mutated
    var num = nums.items[1];
        ^~~
chapter_array_and_linkedlist/list.zig:19:9: note: consider using 'const'
chapter_array_and_linkedlist/list.zig:6:21: error: no module named 'include' available within module root
const inc = @import("include");
                    ^~~~~~~~~
referenced by:
    main: chapter_array_and_linkedlist/list.zig:16:5
    main: /Users/sunyanfei/.zig/zig-macos-aarch64-0.14.1/lib/std/start.zig:660:37
    3 reference(s) hidden; use '-freference-trace=5' to see all references
error: the following command failed with 2 compilation errors:
/Users/sunyanfei/.zig/zig-macos-aarch64-0.14.1/zig build-exe -ODebug -Mroot=/Users/sunyanfei/root/codes/company/cross/AlgorithmSpace/hello-algo/codes/zig/chapter_array_and_linkedlist/list.zig --cache-dir /Users/sunyanfei/root/codes/company/cross/AlgorithmSpace/hello-algo/codes/zig/.zig-cache --global-cache-dir /Users/sunyanfei/.cache/zig --name list --zig-lib-dir /Users/sunyanfei/.zig/zig-macos-aarch64-0.14.1/lib/ --listen=- 
install
+- install linkedlist_stack
   +- zig build-exe linkedlist_stack Debug native 6 errors
chapter_stack_and_queue/linkedlist_stack.zig:61:17: error: local variable is never mutated
            var num = self.peek();
                ^~~
chapter_stack_and_queue/linkedlist_stack.zig:61:17: note: consider using 'const'
chapter_stack_and_queue/linkedlist_stack.zig:113:9: error: local variable is never mutated
    var is_empty = stack.isEmpty();
        ^~~~~~~~
chapter_stack_and_queue/linkedlist_stack.zig:113:9: note: consider using 'const'
chapter_stack_and_queue/linkedlist_stack.zig:109:9: error: local variable is never mutated
    var size = stack.size();
        ^~~~
chapter_stack_and_queue/linkedlist_stack.zig:109:9: note: consider using 'const'
chapter_stack_and_queue/linkedlist_stack.zig:104:9: error: local variable is never mutated
    var pop = stack.pop();
        ^~~
chapter_stack_and_queue/linkedlist_stack.zig:104:9: note: consider using 'const'
chapter_stack_and_queue/linkedlist_stack.zig:100:9: error: local variable is never mutated
    var peek = stack.peek();
        ^~~~
chapter_stack_and_queue/linkedlist_stack.zig:100:9: note: consider using 'const'
chapter_stack_and_queue/linkedlist_stack.zig:6:21: error: no module named 'include' available within module root
const inc = @import("include");
                    ^~~~~~~~~
referenced by:
    linkedlist_stack.LinkedListStack(i32): chapter_stack_and_queue/linkedlist_stack.zig:13:22
    main: chapter_stack_and_queue/linkedlist_stack.zig:10:12
    4 reference(s) hidden; use '-freference-trace=6' to see all references
error: the following command failed with 6 compilation errors:
/Users/sunyanfei/.zig/zig-macos-aarch64-0.14.1/zig build-exe -ODebug -Mroot=/Users/sunyanfei/root/codes/company/cross/AlgorithmSpace/hello-algo/codes/zig/chapter_stack_and_queue/linkedlist_stack.zig --cache-dir /Users/sunyanfei/root/codes/company/cross/AlgorithmSpace/hello-algo/codes/zig/.zig-cache --global-cache-dir /Users/sunyanfei/.cache/zig --name linkedlist_stack --zig-lib-dir /Users/sunyanfei/.zig/zig-macos-aarch64-0.14.1/lib/ --listen=- 
Build Summary: 0/95 steps succeeded; 47 failed
install transitive failure
+- install my_list transitive failure
|  +- zig build-exe my_list Debug native 6 errors
+- install list transitive failure
|  +- zig build-exe list Debug native 2 errors
+- install linked_list transitive failure
|  +- zig build-exe linked_list Debug native 6 errors
+- install array transitive failure
|  +- zig build-exe array Debug native 1 errors
+- install space_complexity transitive failure
|  +- zig build-exe space_complexity Debug native 8 errors
+- install iteration transitive failure
|  +- zig build-exe iteration Debug native 1 errors
+- install worst_best_time_complexity transitive failure
|  +- zig build-exe worst_best_time_complexity Debug native 2 errors
+- install recursion transitive failure
|  +- zig build-exe recursion Debug native 2 errors
+- install time_complexity transitive failure
|  +- zig build-exe time_complexity Debug native 4 errors
+- install coin_change transitive failure
|  +- zig build-exe coin_change Debug native 6 errors
+- install min_path_sum transitive failure
|  +- zig build-exe min_path_sum Debug native 11 errors
+- install coin_change_ii transitive failure
|  +- zig build-exe coin_change_ii Debug native 4 errors
+- install min_cost_climbing_stairs_dp transitive failure
|  +- zig build-exe min_cost_climbing_stairs_dp Debug native 4 errors
+- install climbing_stairs_constraint_dp transitive failure
|  +- zig build-exe climbing_stairs_constraint_dp Debug native 2 errors
+- install climbing_stairs_backtrack transitive failure
|  +- zig build-exe climbing_stairs_backtrack Debug native 3 errors
+- install edit_distance transitive failure
|  +- zig build-exe edit_distance Debug native 13 errors
+- install climbing_stairs_dfs_mem transitive failure
|  +- zig build-exe climbing_stairs_dfs_mem Debug native 3 errors
+- install climbing_stairs_dfs transitive failure
|  +- zig build-exe climbing_stairs_dfs Debug native 3 errors
+- install unbounded_knapsack transitive failure
|  +- zig build-exe unbounded_knapsack Debug native 4 errors
+- install knapsack transitive failure
|  +- zig build-exe knapsack Debug native 9 errors
+- install climbing_stairs_dp transitive failure
|  +- zig build-exe climbing_stairs_dp Debug native 2 errors
+- install array_hash_map transitive failure
|  +- zig build-exe array_hash_map Debug native 7 errors
+- install hash_map transitive failure
|  +- zig build-exe hash_map Debug native 2 errors
+- install my_heap transitive failure
|  +- zig build-exe my_heap Debug native 8 errors
+- install heap transitive failure
|  +- zig build-exe heap Debug native 5 errors
+- install binary_search transitive failure
|  +- zig build-exe binary_search Debug native 3 errors
+- install linear_search transitive failure
|  +- zig build-exe linear_search Debug native 5 errors
+- install hashing_search transitive failure
|  +- zig build-exe hashing_search Debug native 4 errors
+- install two_sum transitive failure
|  +- zig build-exe two_sum Debug native 4 errors
+- install merge_sort transitive failure
|  +- zig build-exe merge_sort Debug native 7 errors
+- install bubble_sort transitive failure
|  +- zig build-exe bubble_sort Debug native 3 errors
+- install insertion_sort transitive failure
|  +- zig build-exe insertion_sort Debug native 2 errors
+- install radix_sort transitive failure
|  +- zig build-exe radix_sort Debug native 5 errors
+- install quick_sort transitive failure
|  +- zig build-exe quick_sort Debug native 1 errors
+- install array_stack transitive failure
|  +- zig build-exe array_stack Debug native 6 errors
+- install queue transitive failure
|  +- zig build-exe queue Debug native 5 errors
+- install linkedlist_queue transitive failure
|  +- zig build-exe linkedlist_queue Debug native 6 errors
+- install deque transitive failure
|  +- zig build-exe deque Debug native 7 errors
+- install stack transitive failure
|  +- zig build-exe stack Debug native 5 errors
+- install array_queue transitive failure
|  +- zig build-exe array_queue Debug native 8 errors
+- install linkedlist_deque transitive failure
|  +- zig build-exe linkedlist_deque Debug native 7 errors
+- install linkedlist_stack transitive failure
|  +- zig build-exe linkedlist_stack Debug native 6 errors
+- install avl_tree transitive failure
|  +- zig build-exe avl_tree Debug native 6 errors
+- install binary_tree_bfs transitive failure
|  +- zig build-exe binary_tree_bfs Debug native 4 errors
+- install binary_tree_dfs transitive failure
|  +- zig build-exe binary_tree_dfs Debug native 2 errors
+- install binary_search_tree transitive failure
|  +- zig build-exe binary_search_tree Debug native 5 errors
+- install binary_tree transitive failure
   +- zig build-exe binary_tree Debug native 1 errors
error: the following build command failed with exit code 1:
/Users/sunyanfei/root/codes/company/cross/AlgorithmSpace/hello-algo/codes/zig/.zig-cache/o/39ce3824bad4b1b8ab195bef93303e87/build /Users/sunyanfei/.zig/zig-macos-aarch64-0.14.1/zig /Users/sunyanfei/.zig/zig-macos-aarch64-0.14.1/lib /Users/sunyanfei/root/codes/company/cross/AlgorithmSpace/hello-algo/codes/zig /Users/sunyanfei/root/codes/company/cross/AlgorithmSpace/hello-algo/codes/zig/.zig-cache /Users/sunyanfei/.cache/zig --seed 0x2cd1666 -Z968e1f915ee32688
